Using pre-set license
Built from '2020.3/staging' branch; Version is '2020.3.11f1 (99c7afb366b3) revision 10078127'; Using compiler version '192528614'; Build Type 'Release'
OS: 'Windows 10 Pro; OS build 19043.1348; Version 2009; 64bit' Language: 'en' Physical Memory: 16251 MB
BatchMode: 1, IsHumanControllingUs: 0, StartBugReporterOnCrash: 0, Is64bit: 1, IsPro: 0

 COMMAND LINE ARGUMENTS:
F:\Program Files\Unity\Editors\2020.3.11f1\Editor\Unity.exe
-adb2
-batchMode
-noUpm
-name
AssetImportWorker0
-projectPath
F:/Projects/Builds/Mobile/ShapeGame/ShapeGame
-logFile
Logs/AssetImportWorker0.log
-srvPort
63936
Successfully changed project path to: F:/Projects/Builds/Mobile/ShapeGame/ShapeGame
F:/Projects/Builds/Mobile/ShapeGame/ShapeGame
Using Asset Import Pipeline V2.
Refreshing native plugins compatible for Editor in 34.52 ms, found 2 plugins.
Preloading 0 native plugins for Editor in 0.00 ms.
Initialize engine version: 2020.3.11f1 (99c7afb366b3)
[Subsystems] Discovering subsystems at path F:/Program Files/Unity/Editors/2020.3.11f1/Editor/Data/Resources/UnitySubsystems
[Subsystems] Discovering subsystems at path F:/Projects/Builds/Mobile/ShapeGame/ShapeGame/Assets
GfxDevice: creating device client; threaded=0
Direct3D:
    Version:  Direct3D 11.0 [level 11.1]
    Renderer: Intel(R) UHD Graphics 630 (ID=0x3e92)
    Vendor:   
    VRAM:     8125 MB
    Driver:   27.20.100.8783
Initialize mono
Mono path[0] = 'F:/Program Files/Unity/Editors/2020.3.11f1/Editor/Data/Managed'
Mono path[1] = 'F:/Program Files/Unity/Editors/2020.3.11f1/Editor/Data/MonoBleedingEdge/lib/mono/unityjit'
Mono config path = 'F:/Program Files/Unity/Editors/2020.3.11f1/Editor/Data/MonoBleedingEdge/etc'
Using monoOptions --debugger-agent=transport=dt_socket,embedding=1,server=y,suspend=n,address=127.0.0.1:56588
Begin MonoManager ReloadAssembly
Registering precompiled unity dll's ...
Register platform support module: F:/Program Files/Unity/Editors/2020.3.11f1/Editor/Data/PlaybackEngines/WebGLSupport/UnityEditor.WebGL.Extensions.dll
Register platform support module: F:/Program Files/Unity/Editors/2020.3.11f1/Editor/Data/PlaybackEngines/WindowsStandaloneSupport/UnityEditor.WindowsStandalone.Extensions.dll
Registered in 0.002433 seconds.
Native extension for WindowsStandalone target not found
Native extension for WebGL target not found
Refreshing native plugins compatible for Editor in 29.14 ms, found 2 plugins.
Preloading 0 native plugins for Editor in 0.00 ms.
Mono: successfully reloaded assembly
- Completed reload, in  2.061 seconds
Platform modules already initialized, skipping
Registering precompiled user dll's ...
Registered in 0.006888 seconds.
Begin MonoManager ReloadAssembly
Symbol file data-000002768A552850 doesn't match image F:\Projects\Builds\Mobile\ShapeGame\ShapeGame\Library\ScriptAssemblies\Assembly-CSharp.dll
Symbol file LoadedFromMemory is not a mono symbol file
Native extension for WindowsStandalone target not found
Native extension for WebGL target not found
Refreshing native plugins compatible for Editor in 0.39 ms, found 2 plugins.
Preloading 0 native plugins for Editor in 0.00 ms.
Mono: successfully reloaded assembly
- Completed reload, in  1.044 seconds
Platform modules already initialized, skipping
========================================================================
Worker process is ready to serve import requests
Launched and connected shader compiler UnityShaderCompiler.exe after 0.06 seconds
Refreshing native plugins compatible for Editor in 0.35 ms, found 2 plugins.
Preloading 0 native plugins for Editor in 0.00 ms.
Unloading 1679 Unused Serialized files (Serialized files now loaded: 0)
System memory in use before: 74.7 MB.
System memory in use after: 74.8 MB.

Unloading 24 unused Assets to reduce memory usage. Loaded Objects now: 2108.
Total: 2.129600 ms (FindLiveObjects: 0.153600 ms CreateObjectMapping: 0.054000 ms MarkObjects: 1.834800 ms  DeleteObjects: 0.085900 ms)

========================================================================
Received Import Request.
  path: Assets/Prefabs/PaperUnit.prefab
  artifactKey: Guid(93f897b7205c0f341af4589eafb1de47) Importer(815301076,1909f56bfc062723c751e8b465ee728b)
Start importing Assets/Prefabs/PaperUnit.prefab using Guid(93f897b7205c0f341af4589eafb1de47) Importer(815301076,1909f56bfc062723c751e8b465ee728b)  -> (artifact id: 'ecbb7c6cb9706e4d9afd9a11cbe19405') in 0.148309 seconds
  Import took 0.150881 seconds .

========================================================================
Received Import Request.
  Time since last request: 0.000319 seconds.
  path: Assets/Prefabs/RockUnit.prefab
  artifactKey: Guid(700953007a77c2841ade05af4abdae20) Importer(815301076,1909f56bfc062723c751e8b465ee728b)
Start importing Assets/Prefabs/RockUnit.prefab using Guid(700953007a77c2841ade05af4abdae20) Importer(815301076,1909f56bfc062723c751e8b465ee728b)  -> (artifact id: '640805bb8c54963d6108be45abaef977') in 0.038399 seconds
  Import took 0.041268 seconds .

========================================================================
Received Import Request.
  Time since last request: 0.000266 seconds.
  path: Assets/Prefabs/ScissorsUnit.prefab
  artifactKey: Guid(870c7dc8729fe134798922a1a782426d) Importer(815301076,1909f56bfc062723c751e8b465ee728b)
Start importing Assets/Prefabs/ScissorsUnit.prefab using Guid(870c7dc8729fe134798922a1a782426d) Importer(815301076,1909f56bfc062723c751e8b465ee728b)  -> (artifact id: '7a803294909035a5073e8294bbd6b5ac') in 0.032934 seconds
  Import took 0.035464 seconds .

========================================================================
Received Prepare
Registering precompiled user dll's ...
Registered in 0.007642 seconds.
Begin MonoManager ReloadAssembly
Symbol file data-000002768D876020 doesn't match image F:\Projects\Builds\Mobile\ShapeGame\ShapeGame\Library\ScriptAssemblies\Assembly-CSharp.dll
Symbol file LoadedFromMemory is not a mono symbol file
Native extension for WindowsStandalone target not found
Native extension for WebGL target not found
Refreshing native plugins compatible for Editor in 0.38 ms, found 2 plugins.
Preloading 0 native plugins for Editor in 0.00 ms.
Mono: successfully reloaded assembly
- Completed reload, in  1.042 seconds
Platform modules already initialized, skipping
Refreshing native plugins compatible for Editor in 0.37 ms, found 2 plugins.
Preloading 0 native plugins for Editor in 0.00 ms.
Unloading 1674 Unused Serialized files (Serialized files now loaded: 0)
System memory in use before: 77.8 MB.
System memory in use after: 77.9 MB.

Unloading 19 unused Assets to reduce memory usage. Loaded Objects now: 2119.
Total: 1.863200 ms (FindLiveObjects: 0.141600 ms CreateObjectMapping: 0.050700 ms MarkObjects: 1.615400 ms  DeleteObjects: 0.054700 ms)

========================================================================
Received Prepare
Registering precompiled user dll's ...
Registered in 0.006561 seconds.
Begin MonoManager ReloadAssembly
Native extension for WindowsStandalone target not found
Native extension for WebGL target not found
Refreshing native plugins compatible for Editor in 0.35 ms, found 2 plugins.
Preloading 0 native plugins for Editor in 0.00 ms.
Mono: successfully reloaded assembly
- Completed reload, in  0.940 seconds
Platform modules already initialized, skipping
Refreshing native plugins compatible for Editor in 0.36 ms, found 2 plugins.
Preloading 0 native plugins for Editor in 0.00 ms.
Unloading 1674 Unused Serialized files (Serialized files now loaded: 0)
System memory in use before: 77.8 MB.
System memory in use after: 77.9 MB.

Unloading 19 unused Assets to reduce memory usage. Loaded Objects now: 2122.
Total: 1.872400 ms (FindLiveObjects: 0.140100 ms CreateObjectMapping: 0.045900 ms MarkObjects: 1.632500 ms  DeleteObjects: 0.053000 ms)

========================================================================
Received Import Request.
  Time since last request: 739.561872 seconds.
  path: Assets/Prefabs/Player.prefab
  artifactKey: Guid(a0d7309c42bb8e04aa9d5befb2a2e718) Importer(815301076,1909f56bfc062723c751e8b465ee728b)
Start importing Assets/Prefabs/Player.prefab using Guid(a0d7309c42bb8e04aa9d5befb2a2e718) Importer(815301076,1909f56bfc062723c751e8b465ee728b)  -> (artifact id: '7146834e3987a82ea06e7485f52fe089') in 0.062509 seconds
  Import took 0.065096 seconds .

========================================================================
Received Prepare
Registering precompiled user dll's ...
Registered in 0.007548 seconds.
Begin MonoManager ReloadAssembly
Native extension for WindowsStandalone target not found
Native extension for WebGL target not found
Refreshing native plugins compatible for Editor in 0.37 ms, found 2 plugins.
Preloading 0 native plugins for Editor in 0.00 ms.
Mono: successfully reloaded assembly
- Completed reload, in  0.944 seconds
Platform modules already initialized, skipping
Refreshing native plugins compatible for Editor in 0.35 ms, found 2 plugins.
Preloading 0 native plugins for Editor in 0.00 ms.
Unloading 1674 Unused Serialized files (Serialized files now loaded: 0)
System memory in use before: 77.9 MB.
System memory in use after: 78.0 MB.

Unloading 20 unused Assets to reduce memory usage. Loaded Objects now: 2127.
Total: 1.856300 ms (FindLiveObjects: 0.139200 ms CreateObjectMapping: 0.046600 ms MarkObjects: 1.614000 ms  DeleteObjects: 0.055700 ms)

========================================================================
Received Import Request.
  Time since last request: 71.551538 seconds.
  path: Assets/Prefabs/Player.prefab
  artifactKey: Guid(a0d7309c42bb8e04aa9d5befb2a2e718) Importer(815301076,1909f56bfc062723c751e8b465ee728b)
Start importing Assets/Prefabs/Player.prefab using Guid(a0d7309c42bb8e04aa9d5befb2a2e718) Importer(815301076,1909f56bfc062723c751e8b465ee728b)  -> (artifact id: 'f4f4fa51857268c146c0b3cda321cc43') in 0.061195 seconds
  Import took 0.063797 seconds .

========================================================================
Received Import Request.
  Time since last request: 0.827970 seconds.
  path: Assets/Prefabs/Player.prefab
  artifactKey: Guid(a0d7309c42bb8e04aa9d5befb2a2e718) Importer(815301076,1909f56bfc062723c751e8b465ee728b)
Start importing Assets/Prefabs/Player.prefab using Guid(a0d7309c42bb8e04aa9d5befb2a2e718) Importer(815301076,1909f56bfc062723c751e8b465ee728b)  -> (artifact id: '3744efdbf43b1a03a13535706410e6be') in 0.025501 seconds
  Import took 0.028404 seconds .

========================================================================
Received Import Request.
  Time since last request: 1.418527 seconds.
  path: Assets/Prefabs/Player.prefab
  artifactKey: Guid(a0d7309c42bb8e04aa9d5befb2a2e718) Importer(815301076,1909f56bfc062723c751e8b465ee728b)
Start importing Assets/Prefabs/Player.prefab using Guid(a0d7309c42bb8e04aa9d5befb2a2e718) Importer(815301076,1909f56bfc062723c751e8b465ee728b)  -> (artifact id: 'da648011c9b98443d2edf6a864fcb48e') in 0.026887 seconds
  Import took 0.029684 seconds .

========================================================================
Received Import Request.
  Time since last request: 30.710707 seconds.
  path: Assets/Prefabs/Player.prefab
  artifactKey: Guid(a0d7309c42bb8e04aa9d5befb2a2e718) Importer(815301076,1909f56bfc062723c751e8b465ee728b)
Start importing Assets/Prefabs/Player.prefab using Guid(a0d7309c42bb8e04aa9d5befb2a2e718) Importer(815301076,1909f56bfc062723c751e8b465ee728b)  -> (artifact id: '5b1a45e3cc60495191748e0a212f6b1e') in 0.019541 seconds
  Import took 0.022454 seconds .

========================================================================
Received Import Request.
  Time since last request: 0.731970 seconds.
  path: Assets/Prefabs/Player.prefab
  artifactKey: Guid(a0d7309c42bb8e04aa9d5befb2a2e718) Importer(815301076,1909f56bfc062723c751e8b465ee728b)
Start importing Assets/Prefabs/Player.prefab using Guid(a0d7309c42bb8e04aa9d5befb2a2e718) Importer(815301076,1909f56bfc062723c751e8b465ee728b)  -> (artifact id: '4c16fcbaf31a1ef3c39e6ee5b4285f93') in 0.022457 seconds
  Import took 0.025055 seconds .

========================================================================
Received Import Request.
  Time since last request: 3.089468 seconds.
  path: Assets/Prefabs/Player.prefab
  artifactKey: Guid(a0d7309c42bb8e04aa9d5befb2a2e718) Importer(815301076,1909f56bfc062723c751e8b465ee728b)
Start importing Assets/Prefabs/Player.prefab using Guid(a0d7309c42bb8e04aa9d5befb2a2e718) Importer(815301076,1909f56bfc062723c751e8b465ee728b)  -> (artifact id: '9b28f59ff31a17d1bedbd034006bdfd4') in 0.023404 seconds
  Import took 0.026336 seconds .

========================================================================
Received Import Request.
  Time since last request: 2.293684 seconds.
  path: Assets/Prefabs/Player.prefab
  artifactKey: Guid(a0d7309c42bb8e04aa9d5befb2a2e718) Importer(815301076,1909f56bfc062723c751e8b465ee728b)
Start importing Assets/Prefabs/Player.prefab using Guid(a0d7309c42bb8e04aa9d5befb2a2e718) Importer(815301076,1909f56bfc062723c751e8b465ee728b)  -> (artifact id: '9d6ef517eb7203fdac3fb93a29cf5880') in 0.020330 seconds
  Import took 0.023042 seconds .

========================================================================
Received Import Request.
  Time since last request: 2.229513 seconds.
  path: Assets/Prefabs/Player.prefab
  artifactKey: Guid(a0d7309c42bb8e04aa9d5befb2a2e718) Importer(815301076,1909f56bfc062723c751e8b465ee728b)
Start importing Assets/Prefabs/Player.prefab using Guid(a0d7309c42bb8e04aa9d5befb2a2e718) Importer(815301076,1909f56bfc062723c751e8b465ee728b)  -> (artifact id: '3ffc77aafc8b4757fe3178e4697e0e5d') in 0.020240 seconds
  Import took 0.022951 seconds .

========================================================================
Received Prepare
Registering precompiled user dll's ...
Registered in 0.009098 seconds.
Begin MonoManager ReloadAssembly
Native extension for WindowsStandalone target not found
Native extension for WebGL target not found
Refreshing native plugins compatible for Editor in 0.49 ms, found 2 plugins.
Preloading 0 native plugins for Editor in 0.00 ms.
Mono: successfully reloaded assembly
- Completed reload, in  0.977 seconds
Platform modules already initialized, skipping
Refreshing native plugins compatible for Editor in 0.38 ms, found 2 plugins.
Preloading 0 native plugins for Editor in 0.00 ms.
Unloading 1674 Unused Serialized files (Serialized files now loaded: 0)
System memory in use before: 77.9 MB.
System memory in use after: 78.0 MB.

Unloading 20 unused Assets to reduce memory usage. Loaded Objects now: 2131.
Total: 1.859600 ms (FindLiveObjects: 0.130600 ms CreateObjectMapping: 0.042900 ms MarkObjects: 1.626500 ms  DeleteObjects: 0.058400 ms)

========================================================================
Received Prepare
Refreshing native plugins compatible for Editor in 5.07 ms, found 2 plugins.
Preloading 0 native plugins for Editor in 0.00 ms.
Unloading 17 Unused Serialized files (Serialized files now loaded: 0)
System memory in use before: 44.8 MB.
System memory in use after: 44.9 MB.

Unloading 17 unused Assets to reduce memory usage. Loaded Objects now: 2131.
Total: 2.255500 ms (FindLiveObjects: 0.130200 ms CreateObjectMapping: 0.043600 ms MarkObjects: 2.029700 ms  DeleteObjects: 0.051100 ms)

========================================================================
Received Prepare
Registering precompiled user dll's ...
Registered in 0.011050 seconds.
Begin MonoManager ReloadAssembly
Native extension for WindowsStandalone target not found
Native extension for WebGL target not found
Refreshing native plugins compatible for Editor in 0.54 ms, found 2 plugins.
Preloading 0 native plugins for Editor in 0.00 ms.
Mono: successfully reloaded assembly
- Completed reload, in  1.354 seconds
Platform modules already initialized, skipping
Refreshing native plugins compatible for Editor in 0.41 ms, found 2 plugins.
Preloading 0 native plugins for Editor in 0.00 ms.
Unloading 1674 Unused Serialized files (Serialized files now loaded: 0)
System memory in use before: 77.9 MB.
System memory in use after: 78.0 MB.

Unloading 19 unused Assets to reduce memory usage. Loaded Objects now: 2134.
Total: 3.554100 ms (FindLiveObjects: 0.182000 ms CreateObjectMapping: 0.061700 ms MarkObjects: 3.206600 ms  DeleteObjects: 0.102200 ms)

========================================================================
Received Prepare
Registering precompiled user dll's ...
Registered in 0.006620 seconds.
Begin MonoManager ReloadAssembly
Native extension for WindowsStandalone target not found
Native extension for WebGL target not found
Refreshing native plugins compatible for Editor in 0.36 ms, found 2 plugins.
Preloading 0 native plugins for Editor in 0.00 ms.
Mono: successfully reloaded assembly
- Completed reload, in  0.955 seconds
Platform modules already initialized, skipping
Refreshing native plugins compatible for Editor in 0.37 ms, found 2 plugins.
Preloading 0 native plugins for Editor in 0.00 ms.
Unloading 1674 Unused Serialized files (Serialized files now loaded: 0)
System memory in use before: 77.9 MB.
System memory in use after: 78.0 MB.

Unloading 19 unused Assets to reduce memory usage. Loaded Objects now: 2137.
Total: 1.912900 ms (FindLiveObjects: 0.136800 ms CreateObjectMapping: 0.043600 ms MarkObjects: 1.675300 ms  DeleteObjects: 0.056300 ms)

========================================================================
Received Prepare
Refreshing native plugins compatible for Editor in 6.14 ms, found 2 plugins.
Preloading 0 native plugins for Editor in 0.00 ms.
Unloading 17 Unused Serialized files (Serialized files now loaded: 0)
System memory in use before: 44.8 MB.
System memory in use after: 44.9 MB.

Unloading 17 unused Assets to reduce memory usage. Loaded Objects now: 2137.
Total: 2.251000 ms (FindLiveObjects: 0.150900 ms CreateObjectMapping: 0.052100 ms MarkObjects: 1.987600 ms  DeleteObjects: 0.059300 ms)

========================================================================
Received Prepare
Registering precompiled user dll's ...
Registered in 0.008742 seconds.
Begin MonoManager ReloadAssembly
Native extension for WindowsStandalone target not found
Native extension for WebGL target not found
Refreshing native plugins compatible for Editor in 0.39 ms, found 2 plugins.
Preloading 0 native plugins for Editor in 0.00 ms.
Mono: successfully reloaded assembly
- Completed reload, in  1.338 seconds
Platform modules already initialized, skipping
Refreshing native plugins compatible for Editor in 0.56 ms, found 2 plugins.
Preloading 0 native plugins for Editor in 0.00 ms.
Unloading 1674 Unused Serialized files (Serialized files now loaded: 0)
System memory in use before: 77.9 MB.
System memory in use after: 78.0 MB.

Unloading 19 unused Assets to reduce memory usage. Loaded Objects now: 2140.
Total: 2.806800 ms (FindLiveObjects: 0.195400 ms CreateObjectMapping: 0.070900 ms MarkObjects: 2.463300 ms  DeleteObjects: 0.075900 ms)

========================================================================
Received Prepare
Registering precompiled user dll's ...
Registered in 0.007325 seconds.
Begin MonoManager ReloadAssembly
Native extension for WindowsStandalone target not found
Native extension for WebGL target not found
Refreshing native plugins compatible for Editor in 0.40 ms, found 2 plugins.
Preloading 0 native plugins for Editor in 0.00 ms.
Mono: successfully reloaded assembly
- Completed reload, in  1.194 seconds
Platform modules already initialized, skipping
Refreshing native plugins compatible for Editor in 0.37 ms, found 2 plugins.
Preloading 0 native plugins for Editor in 0.00 ms.
Unloading 1674 Unused Serialized files (Serialized files now loaded: 0)
System memory in use before: 77.9 MB.
System memory in use after: 78.0 MB.

Unloading 19 unused Assets to reduce memory usage. Loaded Objects now: 2143.
Total: 2.714600 ms (FindLiveObjects: 0.402300 ms CreateObjectMapping: 0.114300 ms MarkObjects: 2.127200 ms  DeleteObjects: 0.067700 ms)

========================================================================
Received Import Request.
  Time since last request: 1845.033461 seconds.
  path: Assets/Mirror/Examples/Tanks
  artifactKey: Guid(a6dc5104926d44c9296aec7699989ac3) Importer(815301076,1909f56bfc062723c751e8b465ee728b)
Start importing Assets/Mirror/Examples/Tanks using Guid(a6dc5104926d44c9296aec7699989ac3) Importer(815301076,1909f56bfc062723c751e8b465ee728b)  -> (artifact id: 'fa9f07f2dd9307eae4f08addd1ef29e4') in 0.011178 seconds
  Import took 0.014459 seconds .

========================================================================
Received Import Request.
  Time since last request: 2.162412 seconds.
  path: Assets/Mirror/Examples/Tanks/Scenes
  artifactKey: Guid(91225a3fc58fe4a7f9e10718cd3bdc61) Importer(815301076,1909f56bfc062723c751e8b465ee728b)
Start importing Assets/Mirror/Examples/Tanks/Scenes using Guid(91225a3fc58fe4a7f9e10718cd3bdc61) Importer(815301076,1909f56bfc062723c751e8b465ee728b)  -> (artifact id: '2b9002448c7e84e6fb939eaba5bd82e8') in 0.007454 seconds
  Import took 0.010008 seconds .

========================================================================
Received Import Request.
  Time since last request: 0.646536 seconds.
  path: Assets/Mirror/Examples/Tanks/Scenes/Scene.unity
  artifactKey: Guid(83f9d2fb76f5742448c6e51f258327a2) Importer(815301076,1909f56bfc062723c751e8b465ee728b)
Start importing Assets/Mirror/Examples/Tanks/Scenes/Scene.unity using Guid(83f9d2fb76f5742448c6e51f258327a2) Importer(815301076,1909f56bfc062723c751e8b465ee728b)  -> (artifact id: '1858fdf456a8d2cb09a0b98a556cf81c') in 0.019851 seconds
  Import took 0.022385 seconds .

========================================================================
Received Prepare
Refreshing native plugins compatible for Editor in 5.77 ms, found 2 plugins.
Preloading 0 native plugins for Editor in 0.00 ms.
Unloading 17 Unused Serialized files (Serialized files now loaded: 0)
System memory in use before: 44.8 MB.
System memory in use after: 44.9 MB.

Unloading 17 unused Assets to reduce memory usage. Loaded Objects now: 2143.
Total: 2.419100 ms (FindLiveObjects: 0.155000 ms CreateObjectMapping: 0.055800 ms MarkObjects: 2.145700 ms  DeleteObjects: 0.061900 ms)

========================================================================
Received Prepare
Registering precompiled user dll's ...
Registered in 0.009472 seconds.
Begin MonoManager ReloadAssembly
Native extension for WindowsStandalone target not found
Native extension for WebGL target not found
Refreshing native plugins compatible for Editor in 0.72 ms, found 2 plugins.
Preloading 0 native plugins for Editor in 0.00 ms.
Mono: successfully reloaded assembly
- Completed reload, in  1.593 seconds
Platform modules already initialized, skipping
Refreshing native plugins compatible for Editor in 0.75 ms, found 2 plugins.
Preloading 0 native plugins for Editor in 0.00 ms.
Unloading 1674 Unused Serialized files (Serialized files now loaded: 0)
System memory in use before: 78.0 MB.
System memory in use after: 78.0 MB.

Unloading 19 unused Assets to reduce memory usage. Loaded Objects now: 2146.
Total: 4.067100 ms (FindLiveObjects: 0.204600 ms CreateObjectMapping: 0.060800 ms MarkObjects: 3.685700 ms  DeleteObjects: 0.113900 ms)

========================================================================
Received Import Request.
  Time since last request: 601.430582 seconds.
  path: Assets/Mirror/Examples/Tanks/Prefabs
  artifactKey: Guid(2baeb281f5e8e421582aa9f72e7f1702) Importer(815301076,1909f56bfc062723c751e8b465ee728b)
Start importing Assets/Mirror/Examples/Tanks/Prefabs using Guid(2baeb281f5e8e421582aa9f72e7f1702) Importer(815301076,1909f56bfc062723c751e8b465ee728b)  -> (artifact id: 'e690210a45287ee6ccda6e170e14b3c8') in 0.012273 seconds
  Import took 0.015383 seconds .

========================================================================
Received Import Request.
  Time since last request: 0.083928 seconds.
  path: Assets/Mirror/Examples/Tanks/Prefabs/Projectile.prefab
  artifactKey: Guid(b7dd46dbf38c643f09e206f9fa4be008) Importer(815301076,1909f56bfc062723c751e8b465ee728b)
Start importing Assets/Mirror/Examples/Tanks/Prefabs/Projectile.prefab using Guid(b7dd46dbf38c643f09e206f9fa4be008) Importer(815301076,1909f56bfc062723c751e8b465ee728b)  -> (artifact id: '550d02e1d5098c1a25d6d989ff265c7f') in 0.059704 seconds
  Import took 0.062316 seconds .

========================================================================
Received Import Request.
  Time since last request: 0.000217 seconds.
  path: Assets/Mirror/Examples/Tanks/Prefabs/Tank.prefab
  artifactKey: Guid(6f43bf5488a7443d19ab2a83c6b91f35) Importer(815301076,1909f56bfc062723c751e8b465ee728b)
Start importing Assets/Mirror/Examples/Tanks/Prefabs/Tank.prefab using Guid(6f43bf5488a7443d19ab2a83c6b91f35) Importer(815301076,1909f56bfc062723c751e8b465ee728b)  -> (artifact id: '111ce65a4b3588e7fabe199e5c8579f0') in 0.054826 seconds
  Import took 0.057351 seconds .

========================================================================
Received Import Request.
  Time since last request: 38.863949 seconds.
  path: Assets/Scenes/TestLevel.unity
  artifactKey: Guid(25513fa314d6a994888002f26c1a81d1) Importer(815301076,1909f56bfc062723c751e8b465ee728b)
Start importing Assets/Scenes/TestLevel.unity using Guid(25513fa314d6a994888002f26c1a81d1) Importer(815301076,1909f56bfc062723c751e8b465ee728b)  -> (artifact id: '99afc67147021e64d55256af5d5f2f4d') in 0.008271 seconds
  Import took 0.012044 seconds .

========================================================================
Received Prepare
Registering precompiled user dll's ...
Registered in 0.007783 seconds.
Begin MonoManager ReloadAssembly
Native extension for WindowsStandalone target not found
Native extension for WebGL target not found
Refreshing native plugins compatible for Editor in 0.36 ms, found 2 plugins.
Preloading 0 native plugins for Editor in 0.00 ms.
Mono: successfully reloaded assembly
- Completed reload, in  0.949 seconds
Platform modules already initialized, skipping
Refreshing native plugins compatible for Editor in 0.35 ms, found 2 plugins.
Preloading 0 native plugins for Editor in 0.00 ms.
Unloading 1674 Unused Serialized files (Serialized files now loaded: 0)
System memory in use before: 91.6 MB.
System memory in use after: 91.7 MB.

Unloading 19 unused Assets to reduce memory usage. Loaded Objects now: 2152.
Total: 2.096000 ms (FindLiveObjects: 0.156300 ms CreateObjectMapping: 0.051800 ms MarkObjects: 1.823600 ms  DeleteObjects: 0.063300 ms)

========================================================================
Received Prepare
Registering precompiled user dll's ...
Registered in 0.006809 seconds.
Begin MonoManager ReloadAssembly
Native extension for WindowsStandalone target not found
Native extension for WebGL target not found
Refreshing native plugins compatible for Editor in 0.35 ms, found 2 plugins.
Preloading 0 native plugins for Editor in 0.00 ms.
Mono: successfully reloaded assembly
- Completed reload, in  1.016 seconds
Platform modules already initialized, skipping
Refreshing native plugins compatible for Editor in 0.36 ms, found 2 plugins.
Preloading 0 native plugins for Editor in 0.00 ms.
Unloading 1674 Unused Serialized files (Serialized files now loaded: 0)
System memory in use before: 91.6 MB.
System memory in use after: 91.7 MB.

Unloading 19 unused Assets to reduce memory usage. Loaded Objects now: 2155.
Total: 1.923600 ms (FindLiveObjects: 0.135800 ms CreateObjectMapping: 0.042500 ms MarkObjects: 1.687600 ms  DeleteObjects: 0.056700 ms)

========================================================================
Received Import Request.
  Time since last request: 477.470129 seconds.
  path: Assets/Prefabs/Player.prefab
  artifactKey: Guid(a0d7309c42bb8e04aa9d5befb2a2e718) Importer(815301076,1909f56bfc062723c751e8b465ee728b)
Start importing Assets/Prefabs/Player.prefab using Guid(a0d7309c42bb8e04aa9d5befb2a2e718) Importer(815301076,1909f56bfc062723c751e8b465ee728b)  -> (artifact id: 'a6dacbb901812fd5cfcf14475b1218cd') in 0.065271 seconds
  Import took 0.068141 seconds .

========================================================================
Received Import Request.
  Time since last request: 11.859717 seconds.
  path: Assets/Prefabs/Player.prefab
  artifactKey: Guid(a0d7309c42bb8e04aa9d5befb2a2e718) Importer(815301076,1909f56bfc062723c751e8b465ee728b)
Start importing Assets/Prefabs/Player.prefab using Guid(a0d7309c42bb8e04aa9d5befb2a2e718) Importer(815301076,1909f56bfc062723c751e8b465ee728b)  -> (artifact id: '52dfc4591928cdc49b5e16342d5a7e34') in 0.020918 seconds
  Import took 0.023856 seconds .

========================================================================
Received Import Request.
  Time since last request: 4.278602 seconds.
  path: Assets/Prefabs/Player.prefab
  artifactKey: Guid(a0d7309c42bb8e04aa9d5befb2a2e718) Importer(815301076,1909f56bfc062723c751e8b465ee728b)
Start importing Assets/Prefabs/Player.prefab using Guid(a0d7309c42bb8e04aa9d5befb2a2e718) Importer(815301076,1909f56bfc062723c751e8b465ee728b)  -> (artifact id: '303bfbfd414b251b14f7a43b5618c938') in 0.021212 seconds
  Import took 0.024044 seconds .

========================================================================
Received Import Request.
  Time since last request: 3.375531 seconds.
  path: Assets/Prefabs/Player.prefab
  artifactKey: Guid(a0d7309c42bb8e04aa9d5befb2a2e718) Importer(815301076,1909f56bfc062723c751e8b465ee728b)
Start importing Assets/Prefabs/Player.prefab using Guid(a0d7309c42bb8e04aa9d5befb2a2e718) Importer(815301076,1909f56bfc062723c751e8b465ee728b)  -> (artifact id: '504f0ca6cb02ec010ebea328b8a51e1b') in 0.018940 seconds
  Import took 0.021619 seconds .

========================================================================
Received Import Request.
  Time since last request: 1.651105 seconds.
  path: Assets/Prefabs/Player.prefab
  artifactKey: Guid(a0d7309c42bb8e04aa9d5befb2a2e718) Importer(815301076,1909f56bfc062723c751e8b465ee728b)
Start importing Assets/Prefabs/Player.prefab using Guid(a0d7309c42bb8e04aa9d5befb2a2e718) Importer(815301076,1909f56bfc062723c751e8b465ee728b)  -> (artifact id: '889ce102538349368797e4fbc7666eca') in 0.019821 seconds
  Import took 0.022999 seconds .

========================================================================
Received Prepare
Registering precompiled user dll's ...
Registered in 0.006961 seconds.
Begin MonoManager ReloadAssembly
Native extension for WindowsStandalone target not found
Native extension for WebGL target not found
Refreshing native plugins compatible for Editor in 0.36 ms, found 2 plugins.
Preloading 0 native plugins for Editor in 0.00 ms.
Mono: successfully reloaded assembly
- Completed reload, in  0.996 seconds
Platform modules already initialized, skipping
Refreshing native plugins compatible for Editor in 0.41 ms, found 2 plugins.
Preloading 0 native plugins for Editor in 0.00 ms.
Unloading 1674 Unused Serialized files (Serialized files now loaded: 0)
System memory in use before: 91.7 MB.
System memory in use after: 91.7 MB.

Unloading 20 unused Assets to reduce memory usage. Loaded Objects now: 2159.
Total: 2.795300 ms (FindLiveObjects: 0.240100 ms CreateObjectMapping: 0.068100 ms MarkObjects: 2.398300 ms  DeleteObjects: 0.087200 ms)

========================================================================
Received Prepare
Registering precompiled user dll's ...
Registered in 0.006731 seconds.
Begin MonoManager ReloadAssembly
Native extension for WindowsStandalone target not found
Native extension for WebGL target not found
Refreshing native plugins compatible for Editor in 0.40 ms, found 2 plugins.
Preloading 0 native plugins for Editor in 0.00 ms.
Mono: successfully reloaded assembly
- Completed reload, in  1.309 seconds
Platform modules already initialized, skipping
Refreshing native plugins compatible for Editor in 0.37 ms, found 2 plugins.
Preloading 0 native plugins for Editor in 0.00 ms.
Unloading 1674 Unused Serialized files (Serialized files now loaded: 0)
System memory in use before: 91.7 MB.
System memory in use after: 91.7 MB.

Unloading 19 unused Assets to reduce memory usage. Loaded Objects now: 2162.
Total: 1.820500 ms (FindLiveObjects: 0.164500 ms CreateObjectMapping: 0.055400 ms MarkObjects: 1.534800 ms  DeleteObjects: 0.064700 ms)

========================================================================
Received Prepare
Refreshing native plugins compatible for Editor in 9.18 ms, found 2 plugins.
Preloading 0 native plugins for Editor in 0.00 ms.
Unloading 17 Unused Serialized files (Serialized files now loaded: 0)
System memory in use before: 58.5 MB.
System memory in use after: 58.6 MB.

Unloading 17 unused Assets to reduce memory usage. Loaded Objects now: 2162.
Total: 1.951900 ms (FindLiveObjects: 0.148500 ms CreateObjectMapping: 0.053100 ms MarkObjects: 1.692600 ms  DeleteObjects: 0.056900 ms)

========================================================================
Received Prepare
Registering precompiled user dll's ...
Registered in 0.011949 seconds.
Begin MonoManager ReloadAssembly
Native extension for WindowsStandalone target not found
Native extension for WebGL target not found
Refreshing native plugins compatible for Editor in 0.84 ms, found 2 plugins.
Preloading 0 native plugins for Editor in 0.00 ms.
Mono: successfully reloaded assembly
- Completed reload, in  1.331 seconds
Platform modules already initialized, skipping
Refreshing native plugins compatible for Editor in 0.36 ms, found 2 plugins.
Preloading 0 native plugins for Editor in 0.00 ms.
Unloading 1674 Unused Serialized files (Serialized files now loaded: 0)
System memory in use before: 91.7 MB.
System memory in use after: 91.8 MB.

Unloading 19 unused Assets to reduce memory usage. Loaded Objects now: 2165.
Total: 1.928500 ms (FindLiveObjects: 0.134200 ms CreateObjectMapping: 0.043700 ms MarkObjects: 1.694300 ms  DeleteObjects: 0.055400 ms)

========================================================================
Received Prepare
Refreshing native plugins compatible for Editor in 6.05 ms, found 2 plugins.
Preloading 0 native plugins for Editor in 0.00 ms.
Unloading 17 Unused Serialized files (Serialized files now loaded: 0)
System memory in use before: 58.5 MB.
System memory in use after: 58.6 MB.

Unloading 17 unused Assets to reduce memory usage. Loaded Objects now: 2165.
Total: 1.991700 ms (FindLiveObjects: 0.143600 ms CreateObjectMapping: 0.047000 ms MarkObjects: 1.732300 ms  DeleteObjects: 0.068000 ms)

========================================================================
Received Prepare
Registering precompiled user dll's ...
Registered in 0.010479 seconds.
Begin MonoManager ReloadAssembly
Native extension for WindowsStandalone target not found
Native extension for WebGL target not found
Refreshing native plugins compatible for Editor in 0.67 ms, found 2 plugins.
Preloading 0 native plugins for Editor in 0.00 ms.
Mono: successfully reloaded assembly
- Completed reload, in  1.336 seconds
Platform modules already initialized, skipping
Refreshing native plugins compatible for Editor in 0.46 ms, found 2 plugins.
Preloading 0 native plugins for Editor in 0.00 ms.
Unloading 1674 Unused Serialized files (Serialized files now loaded: 0)
System memory in use before: 91.7 MB.
System memory in use after: 91.8 MB.

Unloading 19 unused Assets to reduce memory usage. Loaded Objects now: 2168.
Total: 4.346100 ms (FindLiveObjects: 0.210200 ms CreateObjectMapping: 0.212000 ms MarkObjects: 3.695300 ms  DeleteObjects: 0.223300 ms)

========================================================================
Received Prepare
Registering precompiled user dll's ...
Registered in 0.007394 seconds.
Begin MonoManager ReloadAssembly
Native extension for WindowsStandalone target not found
Native extension for WebGL target not found
Refreshing native plugins compatible for Editor in 0.37 ms, found 2 plugins.
Preloading 0 native plugins for Editor in 0.00 ms.
Mono: successfully reloaded assembly
- Completed reload, in  0.946 seconds
Platform modules already initialized, skipping
Refreshing native plugins compatible for Editor in 0.36 ms, found 2 plugins.
Preloading 0 native plugins for Editor in 0.00 ms.
Unloading 1674 Unused Serialized files (Serialized files now loaded: 0)
System memory in use before: 91.7 MB.
System memory in use after: 91.8 MB.

Unloading 19 unused Assets to reduce memory usage. Loaded Objects now: 2171.
Total: 1.959100 ms (FindLiveObjects: 0.144300 ms CreateObjectMapping: 0.045900 ms MarkObjects: 1.710200 ms  DeleteObjects: 0.057800 ms)

========================================================================
Received Import Request.
  Time since last request: 984.112004 seconds.
  path: Assets/Prefabs/Player.prefab
  artifactKey: Guid(a0d7309c42bb8e04aa9d5befb2a2e718) Importer(815301076,1909f56bfc062723c751e8b465ee728b)
Start importing Assets/Prefabs/Player.prefab using Guid(a0d7309c42bb8e04aa9d5befb2a2e718) Importer(815301076,1909f56bfc062723c751e8b465ee728b)  -> (artifact id: '0cc4b47421e262e92777ca947ccbbab9') in 0.074589 seconds
  Import took 0.077327 seconds .

========================================================================
Received Import Request.
  Time since last request: 1.949751 seconds.
  path: Assets/Prefabs/Player.prefab
  artifactKey: Guid(a0d7309c42bb8e04aa9d5befb2a2e718) Importer(815301076,1909f56bfc062723c751e8b465ee728b)
Start importing Assets/Prefabs/Player.prefab using Guid(a0d7309c42bb8e04aa9d5befb2a2e718) Importer(815301076,1909f56bfc062723c751e8b465ee728b)  -> (artifact id: 'cac444f91b26583e2b1e97a8c1c9b7b2') in 0.016720 seconds
  Import took 0.020240 seconds .

========================================================================
Received Import Request.
  Time since last request: 1.862949 seconds.
  path: Assets/Prefabs/Player.prefab
  artifactKey: Guid(a0d7309c42bb8e04aa9d5befb2a2e718) Importer(815301076,1909f56bfc062723c751e8b465ee728b)
Start importing Assets/Prefabs/Player.prefab using Guid(a0d7309c42bb8e04aa9d5befb2a2e718) Importer(815301076,1909f56bfc062723c751e8b465ee728b)  -> (artifact id: '66eaaba550fe5216ff373f217c518200') in 0.017616 seconds
  Import took 0.021294 seconds .

========================================================================
Received Import Request.
  Time since last request: 1.389109 seconds.
  path: Assets/Prefabs/Player.prefab
  artifactKey: Guid(a0d7309c42bb8e04aa9d5befb2a2e718) Importer(815301076,1909f56bfc062723c751e8b465ee728b)
Start importing Assets/Prefabs/Player.prefab using Guid(a0d7309c42bb8e04aa9d5befb2a2e718) Importer(815301076,1909f56bfc062723c751e8b465ee728b)  -> (artifact id: '276b91bd4f144447868be8269d2d512e') in 0.016613 seconds
  Import took 0.019969 seconds .

========================================================================
Received Import Request.
  Time since last request: 4.366467 seconds.
  path: Assets/Prefabs/Player.prefab
  artifactKey: Guid(a0d7309c42bb8e04aa9d5befb2a2e718) Importer(815301076,1909f56bfc062723c751e8b465ee728b)
Start importing Assets/Prefabs/Player.prefab using Guid(a0d7309c42bb8e04aa9d5befb2a2e718) Importer(815301076,1909f56bfc062723c751e8b465ee728b)  -> (artifact id: '3b0c34289f10996a3e13eff7b3d70258') in 0.018347 seconds
  Import took 0.021659 seconds .

========================================================================
Received Import Request.
  Time since last request: 2.008786 seconds.
  path: Assets/Prefabs/Player.prefab
  artifactKey: Guid(a0d7309c42bb8e04aa9d5befb2a2e718) Importer(815301076,1909f56bfc062723c751e8b465ee728b)
Start importing Assets/Prefabs/Player.prefab using Guid(a0d7309c42bb8e04aa9d5befb2a2e718) Importer(815301076,1909f56bfc062723c751e8b465ee728b)  -> (artifact id: 'a55633f90f26a9b37c3ba24e9834a730') in 0.016713 seconds
  Import took 0.019503 seconds .

========================================================================
Received Import Request.
  Time since last request: 1.650269 seconds.
  path: Assets/Prefabs/Player.prefab
  artifactKey: Guid(a0d7309c42bb8e04aa9d5befb2a2e718) Importer(815301076,1909f56bfc062723c751e8b465ee728b)
Start importing Assets/Prefabs/Player.prefab using Guid(a0d7309c42bb8e04aa9d5befb2a2e718) Importer(815301076,1909f56bfc062723c751e8b465ee728b)  -> (artifact id: 'db13b054d826f46ef50879ed8d1de160') in 0.018063 seconds
  Import took 0.021648 seconds .

========================================================================
Received Prepare
Registering precompiled user dll's ...
Registered in 0.007146 seconds.
Begin MonoManager ReloadAssembly
Native extension for WindowsStandalone target not found
Native extension for WebGL target not found
Refreshing native plugins compatible for Editor in 0.53 ms, found 2 plugins.
Preloading 0 native plugins for Editor in 0.00 ms.
Mono: successfully reloaded assembly
- Completed reload, in  1.590 seconds
Platform modules already initialized, skipping
Refreshing native plugins compatible for Editor in 0.36 ms, found 2 plugins.
Preloading 0 native plugins for Editor in 0.00 ms.
Unloading 1674 Unused Serialized files (Serialized files now loaded: 0)
System memory in use before: 91.7 MB.
System memory in use after: 91.8 MB.

Unloading 20 unused Assets to reduce memory usage. Loaded Objects now: 2175.
Total: 2.647700 ms (FindLiveObjects: 0.328700 ms CreateObjectMapping: 0.294300 ms MarkObjects: 1.955200 ms  DeleteObjects: 0.068200 ms)

========================================================================
Received Prepare
Refreshing native plugins compatible for Editor in 6.36 ms, found 2 plugins.
Preloading 0 native plugins for Editor in 0.00 ms.
Unloading 17 Unused Serialized files (Serialized files now loaded: 0)
System memory in use before: 58.6 MB.
System memory in use after: 58.7 MB.

Unloading 17 unused Assets to reduce memory usage. Loaded Objects now: 2175.
Total: 1.928700 ms (FindLiveObjects: 0.136700 ms CreateObjectMapping: 0.043400 ms MarkObjects: 1.696900 ms  DeleteObjects: 0.050800 ms)

========================================================================
Received Prepare
Registering precompiled user dll's ...
Registered in 0.009452 seconds.
Begin MonoManager ReloadAssembly
Native extension for WindowsStandalone target not found
Native extension for WebGL target not found
Refreshing native plugins compatible for Editor in 0.46 ms, found 2 plugins.
Preloading 0 native plugins for Editor in 0.00 ms.
Mono: successfully reloaded assembly
- Completed reload, in  1.345 seconds
Platform modules already initialized, skipping
Refreshing native plugins compatible for Editor in 0.40 ms, found 2 plugins.
Preloading 0 native plugins for Editor in 0.00 ms.
Unloading 1674 Unused Serialized files (Serialized files now loaded: 0)
System memory in use before: 91.7 MB.
System memory in use after: 91.8 MB.

Unloading 19 unused Assets to reduce memory usage. Loaded Objects now: 2178.
Total: 2.980300 ms (FindLiveObjects: 0.256300 ms CreateObjectMapping: 0.120900 ms MarkObjects: 2.522200 ms  DeleteObjects: 0.079200 ms)

========================================================================
Received Prepare
Registering precompiled user dll's ...
Registered in 0.007392 seconds.
Begin MonoManager ReloadAssembly
Native extension for WindowsStandalone target not found
Native extension for WebGL target not found
Refreshing native plugins compatible for Editor in 0.37 ms, found 2 plugins.
Preloading 0 native plugins for Editor in 0.00 ms.
Mono: successfully reloaded assembly
- Completed reload, in  1.030 seconds
Platform modules already initialized, skipping
Refreshing native plugins compatible for Editor in 0.36 ms, found 2 plugins.
Preloading 0 native plugins for Editor in 0.00 ms.
Unloading 1674 Unused Serialized files (Serialized files now loaded: 0)
System memory in use before: 91.7 MB.
System memory in use after: 91.8 MB.

Unloading 19 unused Assets to reduce memory usage. Loaded Objects now: 2181.
Total: 1.953700 ms (FindLiveObjects: 0.148400 ms CreateObjectMapping: 0.047200 ms MarkObjects: 1.704200 ms  DeleteObjects: 0.052900 ms)

========================================================================
Received Prepare
Registering precompiled user dll's ...
Registered in 0.010127 seconds.
Begin MonoManager ReloadAssembly
Native extension for WindowsStandalone target not found
Native extension for WebGL target not found
Refreshing native plugins compatible for Editor in 0.52 ms, found 2 plugins.
Preloading 0 native plugins for Editor in 0.00 ms.
Mono: successfully reloaded assembly
- Completed reload, in  1.407 seconds
Platform modules already initialized, skipping
Refreshing native plugins compatible for Editor in 0.55 ms, found 2 plugins.
Preloading 0 native plugins for Editor in 0.00 ms.
Unloading 1674 Unused Serialized files (Serialized files now loaded: 0)
System memory in use before: 91.7 MB.
System memory in use after: 91.8 MB.

Unloading 19 unused Assets to reduce memory usage. Loaded Objects now: 2184.
Total: 3.320600 ms (FindLiveObjects: 0.235300 ms CreateObjectMapping: 0.077100 ms MarkObjects: 2.896600 ms  DeleteObjects: 0.109500 ms)

========================================================================
Received Prepare
Registering precompiled user dll's ...
Registered in 0.006741 seconds.
Begin MonoManager ReloadAssembly
Native extension for WindowsStandalone target not found
Native extension for WebGL target not found
Refreshing native plugins compatible for Editor in 0.37 ms, found 2 plugins.
Preloading 0 native plugins for Editor in 0.00 ms.
Mono: successfully reloaded assembly
- Completed reload, in  0.935 seconds
Platform modules already initialized, skipping
Refreshing native plugins compatible for Editor in 0.42 ms, found 2 plugins.
Preloading 0 native plugins for Editor in 0.00 ms.
Unloading 1674 Unused Serialized files (Serialized files now loaded: 0)
System memory in use before: 91.7 MB.
System memory in use after: 91.8 MB.

Unloading 19 unused Assets to reduce memory usage. Loaded Objects now: 2187.
Total: 1.952200 ms (FindLiveObjects: 0.140600 ms CreateObjectMapping: 0.047100 ms MarkObjects: 1.671500 ms  DeleteObjects: 0.092200 ms)

========================================================================
Received Import Request.
  Time since last request: 1569.398454 seconds.
  path: Assets/Prefabs/PaperUnit.prefab
  artifactKey: Guid(93f897b7205c0f341af4589eafb1de47) Importer(815301076,1909f56bfc062723c751e8b465ee728b)
Start importing Assets/Prefabs/PaperUnit.prefab using Guid(93f897b7205c0f341af4589eafb1de47) Importer(815301076,1909f56bfc062723c751e8b465ee728b)  -> (artifact id: '52a67b3bab5af2a100c85d900bb2bc65') in 0.082077 seconds
  Import took 0.085134 seconds .

========================================================================
Received Import Request.
  Time since last request: 0.000188 seconds.
  path: Assets/Prefabs/RockUnit.prefab
  artifactKey: Guid(700953007a77c2841ade05af4abdae20) Importer(815301076,1909f56bfc062723c751e8b465ee728b)
Start importing Assets/Prefabs/RockUnit.prefab using Guid(700953007a77c2841ade05af4abdae20) Importer(815301076,1909f56bfc062723c751e8b465ee728b)  -> (artifact id: '2800f147ddd9e905d19f8ac8919bc5d3') in 0.033849 seconds
  Import took 0.036723 seconds .

========================================================================
Received Import Request.
  Time since last request: 0.000214 seconds.
  path: Assets/Prefabs/ScissorsUnit.prefab
  artifactKey: Guid(870c7dc8729fe134798922a1a782426d) Importer(815301076,1909f56bfc062723c751e8b465ee728b)
Start importing Assets/Prefabs/ScissorsUnit.prefab using Guid(870c7dc8729fe134798922a1a782426d) Importer(815301076,1909f56bfc062723c751e8b465ee728b)  -> (artifact id: '4d04b97eee4707af81d9a78addade894') in 0.025856 seconds
  Import took 0.028341 seconds .

========================================================================
Received Prepare
Registering precompiled user dll's ...
Registered in 0.006601 seconds.
Begin MonoManager ReloadAssembly
Native extension for WindowsStandalone target not found
Native extension for WebGL target not found
Refreshing native plugins compatible for Editor in 0.46 ms, found 2 plugins.
Preloading 0 native plugins for Editor in 0.00 ms.
Mono: successfully reloaded assembly
- Completed reload, in  1.268 seconds
Platform modules already initialized, skipping
Refreshing native plugins compatible for Editor in 0.38 ms, found 2 plugins.
Preloading 0 native plugins for Editor in 0.00 ms.
Unloading 1674 Unused Serialized files (Serialized files now loaded: 0)
System memory in use before: 91.8 MB.
System memory in use after: 91.8 MB.

Unloading 19 unused Assets to reduce memory usage. Loaded Objects now: 2191.
Total: 2.047800 ms (FindLiveObjects: 0.170000 ms CreateObjectMapping: 0.054700 ms MarkObjects: 1.761200 ms  DeleteObjects: 0.060500 ms)

========================================================================
Received Prepare
Refreshing native plugins compatible for Editor in 5.20 ms, found 2 plugins.
Preloading 0 native plugins for Editor in 0.00 ms.
Unloading 17 Unused Serialized files (Serialized files now loaded: 0)
System memory in use before: 58.6 MB.
System memory in use after: 58.7 MB.

Unloading 17 unused Assets to reduce memory usage. Loaded Objects now: 2191.
Total: 1.990300 ms (FindLiveObjects: 0.163400 ms CreateObjectMapping: 0.056200 ms MarkObjects: 1.722700 ms  DeleteObjects: 0.047400 ms)

========================================================================
Received Prepare
Registering precompiled user dll's ...
Registered in 0.008976 seconds.
Begin MonoManager ReloadAssembly
Native extension for WindowsStandalone target not found
Native extension for WebGL target not found
Refreshing native plugins compatible for Editor in 0.60 ms, found 2 plugins.
Preloading 0 native plugins for Editor in 0.00 ms.
Mono: successfully reloaded assembly
- Completed reload, in  1.341 seconds
Platform modules already initialized, skipping
Refreshing native plugins compatible for Editor in 0.64 ms, found 2 plugins.
Preloading 0 native plugins for Editor in 0.00 ms.
Unloading 1674 Unused Serialized files (Serialized files now loaded: 0)
System memory in use before: 91.8 MB.
System memory in use after: 91.9 MB.

Unloading 19 unused Assets to reduce memory usage. Loaded Objects now: 2194.
Total: 2.768000 ms (FindLiveObjects: 0.466100 ms CreateObjectMapping: 0.078400 ms MarkObjects: 2.144200 ms  DeleteObjects: 0.077300 ms)

========================================================================
Received Prepare
Registering precompiled user dll's ...
Registered in 0.008265 seconds.
Begin MonoManager ReloadAssembly
Native extension for WindowsStandalone target not found
Native extension for WebGL target not found
Refreshing native plugins compatible for Editor in 0.43 ms, found 2 plugins.
Preloading 0 native plugins for Editor in 0.00 ms.
Mono: successfully reloaded assembly
- Completed reload, in  1.444 seconds
Platform modules already initialized, skipping
Refreshing native plugins compatible for Editor in 0.54 ms, found 2 plugins.
Preloading 0 native plugins for Editor in 0.00 ms.
Unloading 1674 Unused Serialized files (Serialized files now loaded: 0)
System memory in use before: 91.8 MB.
System memory in use after: 91.9 MB.

Unloading 19 unused Assets to reduce memory usage. Loaded Objects now: 2197.
Total: 4.191700 ms (FindLiveObjects: 0.244000 ms CreateObjectMapping: 0.069600 ms MarkObjects: 3.811900 ms  DeleteObjects: 0.064600 ms)

========================================================================
Received Import Request.
  Time since last request: 881.019601 seconds.
  path: Assets/Scenes
  artifactKey: Guid(1e3186697d9567144a489124bd3334bb) Importer(815301076,1909f56bfc062723c751e8b465ee728b)
Start importing Assets/Scenes using Guid(1e3186697d9567144a489124bd3334bb) Importer(815301076,1909f56bfc062723c751e8b465ee728b)  -> (artifact id: '1010a8e8f3b20bacd13077bce3ed9814') in 0.011229 seconds
  Import took 0.014774 seconds .

========================================================================
Received Import Request.
  Time since last request: 31.302410 seconds.
  path: Assets/Scenes/1LaneLevel.unity
  artifactKey: Guid(1f75aac4ba3148140a73d17536f07a6e) Importer(815301076,1909f56bfc062723c751e8b465ee728b)
Start importing Assets/Scenes/1LaneLevel.unity using Guid(1f75aac4ba3148140a73d17536f07a6e) Importer(815301076,1909f56bfc062723c751e8b465ee728b)  -> (artifact id: '2d7c329b718a2f83f1d8d0ffc6b9d9ce') in 0.021160 seconds
  Import took 0.023689 seconds .

========================================================================
Received Import Request.
  Time since last request: 403.040303 seconds.
  path: Assets/Art/playerTestMat.mat
  artifactKey: Guid(2148ebc5ad2298b40bfff9c34f5ca33a) Importer(815301076,1909f56bfc062723c751e8b465ee728b)
Start importing Assets/Art/playerTestMat.mat using Guid(2148ebc5ad2298b40bfff9c34f5ca33a) Importer(815301076,1909f56bfc062723c751e8b465ee728b)  -> (artifact id: 'f0e6c35e159d5b779ecc0598ec7d7f2d') in 0.312713 seconds
  Import took 0.315622 seconds .

========================================================================
Received Import Request.
  Time since last request: 2.528345 seconds.
  path: Assets/Imports/PBR Material Bundle Vol1/Ultimate Material Pack 1-2/Material/Brick/mat_brick_2_aged.mat
  artifactKey: Guid(845809d2431e7d245a43169bba71d850) Importer(815301076,1909f56bfc062723c751e8b465ee728b)
Start importing Assets/Imports/PBR Material Bundle Vol1/Ultimate Material Pack 1-2/Material/Brick/mat_brick_2_aged.mat using Guid(845809d2431e7d245a43169bba71d850) Importer(815301076,1909f56bfc062723c751e8b465ee728b)  -> (artifact id: '679871c2633cf765b7e572fd790ec7ea') in 0.070769 seconds
  Import took 0.073802 seconds .

========================================================================
Received Import Request.
  Time since last request: 0.000246 seconds.
  path: Assets/Imports/PBR Material Bundle Vol1/Ultimate Material Pack 1-2/Material/Brick/mat_brick_stone.mat
  artifactKey: Guid(b4e648627d5e395459929eb656d0c9c1) Importer(815301076,1909f56bfc062723c751e8b465ee728b)
Start importing Assets/Imports/PBR Material Bundle Vol1/Ultimate Material Pack 1-2/Material/Brick/mat_brick_stone.mat using Guid(b4e648627d5e395459929eb656d0c9c1) Importer(815301076,1909f56bfc062723c751e8b465ee728b)  -> (artifact id: '23b6ccb547eac8aaea044e193b00c63e') in 0.031727 seconds
  Import took 0.034282 seconds .

========================================================================
Received Import Request.
  Time since last request: 6.539217 seconds.
  path: Assets/Imports/PBR Material Bundle Vol1/Ultimate Material Pack 1-2/Material/Cartoon/mat_Cartoon_Rock_wall.mat
  artifactKey: Guid(14d128c28bb68854e978c05e3435c15a) Importer(815301076,1909f56bfc062723c751e8b465ee728b)
Start importing Assets/Imports/PBR Material Bundle Vol1/Ultimate Material Pack 1-2/Material/Cartoon/mat_Cartoon_Rock_wall.mat using Guid(14d128c28bb68854e978c05e3435c15a) Importer(815301076,1909f56bfc062723c751e8b465ee728b)  -> (artifact id: '21b52762bdf4cf950597d99b9d153013') in 0.074508 seconds
  Import took 0.077316 seconds .

========================================================================
Received Import Request.
  Time since last request: 0.000220 seconds.
  path: Assets/Imports/PBR Material Bundle Vol1/Ultimate Material Pack 1-2/Material/Cartoon/mat_cartoon_rocks.mat
  artifactKey: Guid(bc158df7bb8c18a4182c5ede08e3e2d1) Importer(815301076,1909f56bfc062723c751e8b465ee728b)
Start importing Assets/Imports/PBR Material Bundle Vol1/Ultimate Material Pack 1-2/Material/Cartoon/mat_cartoon_rocks.mat using Guid(bc158df7bb8c18a4182c5ede08e3e2d1) Importer(815301076,1909f56bfc062723c751e8b465ee728b)  -> (artifact id: 'a884ea5fd999dfca632a6855893eb618') in 0.103956 seconds
  Import took 0.106590 seconds .

========================================================================
Received Import Request.
  Time since last request: 323.819046 seconds.
  path: Assets/Scripts/PlayerScript.cs
  artifactKey: Guid(625400fb06a280e44ab7e5eafd1dec09) Importer(815301076,1909f56bfc062723c751e8b465ee728b)
Start importing Assets/Scripts/PlayerScript.cs using Guid(625400fb06a280e44ab7e5eafd1dec09) Importer(815301076,1909f56bfc062723c751e8b465ee728b)  -> (artifact id: '3a472a663baa42d5e884d4a1d3f0d2c5') in 0.027171 seconds
  Import took 0.030175 seconds .

========================================================================
Received Prepare
Registering precompiled user dll's ...
Registered in 0.007465 seconds.
Begin MonoManager ReloadAssembly
Native extension for WindowsStandalone target not found
Native extension for WebGL target not found
Refreshing native plugins compatible for Editor in 0.37 ms, found 2 plugins.
Preloading 0 native plugins for Editor in 0.00 ms.
Mono: successfully reloaded assembly
- Completed reload, in  0.978 seconds
Platform modules already initialized, skipping
Refreshing native plugins compatible for Editor in 0.37 ms, found 2 plugins.
Preloading 0 native plugins for Editor in 0.00 ms.
Unloading 1675 Unused Serialized files (Serialized files now loaded: 0)
System memory in use before: 92.0 MB.
System memory in use after: 92.1 MB.

Unloading 19 unused Assets to reduce memory usage. Loaded Objects now: 2235.
Total: 1.929300 ms (FindLiveObjects: 0.154100 ms CreateObjectMapping: 0.055000 ms MarkObjects: 1.670000 ms  DeleteObjects: 0.049400 ms)

========================================================================
Received Import Request.
  Time since last request: 39.385068 seconds.
  path: Assets/Prefabs/Playernetwroktry.prefab
  artifactKey: Guid(a0d7309c42bb8e04aa9d5befb2a2e718) Importer(815301076,1909f56bfc062723c751e8b465ee728b)
Start importing Assets/Prefabs/Playernetwroktry.prefab using Guid(a0d7309c42bb8e04aa9d5befb2a2e718) Importer(815301076,1909f56bfc062723c751e8b465ee728b)  -> (artifact id: 'f530c613538ed7276c74c51f4b71e263') in 0.068898 seconds
  Import took 0.071694 seconds .

========================================================================
Received Import Request.
  Time since last request: 2.741759 seconds.
  path: Assets/Prefabs/Player.prefab
  artifactKey: Guid(60301c456262b1542a2cec324fd9bb5c) Importer(815301076,1909f56bfc062723c751e8b465ee728b)
Start importing Assets/Prefabs/Player.prefab using Guid(60301c456262b1542a2cec324fd9bb5c) Importer(815301076,1909f56bfc062723c751e8b465ee728b)  -> (artifact id: 'c1353cb6a35621763bab56bdb5556e17') in 0.019090 seconds
  Import took 0.021784 seconds .

========================================================================
Received Prepare
Registering precompiled user dll's ...
Registered in 0.007095 seconds.
Begin MonoManager ReloadAssembly
Native extension for WindowsStandalone target not found
Native extension for WebGL target not found
Refreshing native plugins compatible for Editor in 0.37 ms, found 2 plugins.
Preloading 0 native plugins for Editor in 0.00 ms.
Mono: successfully reloaded assembly
- Completed reload, in  0.970 seconds
Platform modules already initialized, skipping
Refreshing native plugins compatible for Editor in 0.37 ms, found 2 plugins.
Preloading 0 native plugins for Editor in 0.00 ms.
Unloading 1675 Unused Serialized files (Serialized files now loaded: 0)
System memory in use before: 92.1 MB.
System memory in use after: 92.1 MB.

Unloading 20 unused Assets to reduce memory usage. Loaded Objects now: 2239.
Total: 1.904600 ms (FindLiveObjects: 0.133800 ms CreateObjectMapping: 0.041500 ms MarkObjects: 1.678100 ms  DeleteObjects: 0.050300 ms)

========================================================================
Received Import Request.
  Time since last request: 90.227918 seconds.
  path: Assets/Prefabs/Player.prefab
  artifactKey: Guid(60301c456262b1542a2cec324fd9bb5c) Importer(815301076,1909f56bfc062723c751e8b465ee728b)
Start importing Assets/Prefabs/Player.prefab using Guid(60301c456262b1542a2cec324fd9bb5c) Importer(815301076,1909f56bfc062723c751e8b465ee728b)  -> (artifact id: '304b72031c279521b0b040563ae5fe29') in 0.057535 seconds
  Import took 0.059910 seconds .

========================================================================
Received Prepare
Registering precompiled user dll's ...
Registered in 0.007173 seconds.
Begin MonoManager ReloadAssembly
Native extension for WindowsStandalone target not found
Native extension for WebGL target not found
Refreshing native plugins compatible for Editor in 0.41 ms, found 2 plugins.
Preloading 0 native plugins for Editor in 0.00 ms.
Mono: successfully reloaded assembly
- Completed reload, in  0.945 seconds
Platform modules already initialized, skipping
Refreshing native plugins compatible for Editor in 0.37 ms, found 2 plugins.
Preloading 0 native plugins for Editor in 0.00 ms.
Unloading 1675 Unused Serialized files (Serialized files now loaded: 0)
System memory in use before: 92.1 MB.
System memory in use after: 92.2 MB.

Unloading 20 unused Assets to reduce memory usage. Loaded Objects now: 2243.
Total: 1.882800 ms (FindLiveObjects: 0.144200 ms CreateObjectMapping: 0.045100 ms MarkObjects: 1.640900 ms  DeleteObjects: 0.051500 ms)

========================================================================
Received Prepare
Registering precompiled user dll's ...
Registered in 0.006719 seconds.
Begin MonoManager ReloadAssembly
Native extension for WindowsStandalone target not found
Native extension for WebGL target not found
Refreshing native plugins compatible for Editor in 0.36 ms, found 2 plugins.
Preloading 0 native plugins for Editor in 0.00 ms.
Mono: successfully reloaded assembly
- Completed reload, in  0.920 seconds
Platform modules already initialized, skipping
Refreshing native plugins compatible for Editor in 0.36 ms, found 2 plugins.
Preloading 0 native plugins for Editor in 0.00 ms.
Unloading 1675 Unused Serialized files (Serialized files now loaded: 0)
System memory in use before: 92.1 MB.
System memory in use after: 92.2 MB.

Unloading 19 unused Assets to reduce memory usage. Loaded Objects now: 2246.
Total: 1.902600 ms (FindLiveObjects: 0.144200 ms CreateObjectMapping: 0.045400 ms MarkObjects: 1.662400 ms  DeleteObjects: 0.049800 ms)

========================================================================
Received Prepare
Refreshing native plugins compatible for Editor in 5.20 ms, found 2 plugins.
Preloading 0 native plugins for Editor in 0.00 ms.
Unloading 17 Unused Serialized files (Serialized files now loaded: 0)
System memory in use before: 58.9 MB.
System memory in use after: 59.0 MB.

Unloading 17 unused Assets to reduce memory usage. Loaded Objects now: 2246.
Total: 2.012200 ms (FindLiveObjects: 0.153800 ms CreateObjectMapping: 0.051600 ms MarkObjects: 1.749800 ms  DeleteObjects: 0.056000 ms)

========================================================================
Received Prepare
Registering precompiled user dll's ...
Registered in 0.012921 seconds.
Begin MonoManager ReloadAssembly
Native extension for WindowsStandalone target not found
Native extension for WebGL target not found
Refreshing native plugins compatible for Editor in 0.39 ms, found 2 plugins.
Preloading 0 native plugins for Editor in 0.00 ms.
Mono: successfully reloaded assembly
- Completed reload, in  1.212 seconds
Platform modules already initialized, skipping
