Using pre-set license
Built from '2020.3/staging' branch; Version is '2020.3.11f1 (99c7afb366b3) revision 10078127'; Using compiler version '192528614'; Build Type 'Release'
OS: 'Windows 10 Pro; OS build 19043.1165; Version 2009; 64bit' Language: 'en' Physical Memory: 8059 MB
BatchMode: 1, IsHumanControllingUs: 0, StartBugReporterOnCrash: 0, Is64bit: 1, IsPro: 0

 COMMAND LINE ARGUMENTS:
F:\Program Files\Unity\Editors\2020.3.11f1\Editor\Unity.exe
-adb2
-batchMode
-noUpm
-name
AssetImportWorker0
-projectPath
F:/Projects/Builds/Mobile/ShapeGame/ProtoShapeGame
-logFile
Logs/AssetImportWorker0.log
-srvPort
60199
Successfully changed project path to: F:/Projects/Builds/Mobile/ShapeGame/ProtoShapeGame
F:/Projects/Builds/Mobile/ShapeGame/ProtoShapeGame
Using Asset Import Pipeline V2.
Refreshing native plugins compatible for Editor in 31.01 ms, found 2 plugins.
Preloading 0 native plugins for Editor in 0.00 ms.
Initialize engine version: 2020.3.11f1 (99c7afb366b3)
[Subsystems] Discovering subsystems at path F:/Program Files/Unity/Editors/2020.3.11f1/Editor/Data/Resources/UnitySubsystems
[Subsystems] Discovering subsystems at path F:/Projects/Builds/Mobile/ShapeGame/ProtoShapeGame/Assets
GfxDevice: creating device client; threaded=0
Direct3D:
    Version:  Direct3D 11.0 [level 11.1]
    Renderer: Intel(R) UHD Graphics 630 (ID=0x3e92)
    Vendor:   
    VRAM:     4029 MB
    Driver:   27.20.100.8783
Initialize mono
Mono path[0] = 'F:/Program Files/Unity/Editors/2020.3.11f1/Editor/Data/Managed'
Mono path[1] = 'F:/Program Files/Unity/Editors/2020.3.11f1/Editor/Data/MonoBleedingEdge/lib/mono/unityjit'
Mono config path = 'F:/Program Files/Unity/Editors/2020.3.11f1/Editor/Data/MonoBleedingEdge/etc'
Using monoOptions --debugger-agent=transport=dt_socket,embedding=1,server=y,suspend=n,address=127.0.0.1:56416
Begin MonoManager ReloadAssembly
Registering precompiled unity dll's ...
Register platform support module: F:/Program Files/Unity/Editors/2020.3.11f1/Editor/Data/PlaybackEngines/WebGLSupport/UnityEditor.WebGL.Extensions.dll
Register platform support module: F:/Program Files/Unity/Editors/2020.3.11f1/Editor/Data/PlaybackEngines/WindowsStandaloneSupport/UnityEditor.WindowsStandalone.Extensions.dll
Registered in 0.006499 seconds.
Native extension for WindowsStandalone target not found
Native extension for WebGL target not found
Refreshing native plugins compatible for Editor in 28.98 ms, found 2 plugins.
Preloading 0 native plugins for Editor in 0.00 ms.
Mono: successfully reloaded assembly
- Completed reload, in  6.967 seconds
Platform modules already initialized, skipping
Registering precompiled user dll's ...
Registered in 0.015189 seconds.
Begin MonoManager ReloadAssembly
Native extension for WindowsStandalone target not found
Native extension for WebGL target not found
Refreshing native plugins compatible for Editor in 0.29 ms, found 2 plugins.
Preloading 0 native plugins for Editor in 0.00 ms.
Mono: successfully reloaded assembly
- Completed reload, in  1.180 seconds
Platform modules already initialized, skipping
========================================================================
Worker process is ready to serve import requests
Launched and connected shader compiler UnityShaderCompiler.exe after 0.07 seconds
Refreshing native plugins compatible for Editor in 0.33 ms, found 2 plugins.
Preloading 0 native plugins for Editor in 0.00 ms.
Unloading 1386 Unused Serialized files (Serialized files now loaded: 0)
System memory in use before: 64.7 MB.
System memory in use after: 64.7 MB.

Unloading 19 unused Assets to reduce memory usage. Loaded Objects now: 1819.
Total: 1.963300 ms (FindLiveObjects: 0.136600 ms CreateObjectMapping: 0.038800 ms MarkObjects: 1.693800 ms  DeleteObjects: 0.093000 ms)

========================================================================
Received Import Request.
  path: Assets/Material/Ground.mat
  artifactKey: Guid(59ff332c1b5edc344b5f3456b2f005e4) Importer(815301076,1909f56bfc062723c751e8b465ee728b)
Start importing Assets/Material/Ground.mat using Guid(59ff332c1b5edc344b5f3456b2f005e4) Importer(815301076,1909f56bfc062723c751e8b465ee728b)  -> (artifact id: 'eb944852b2f8d1e1fefab26654baccc4') in 0.381448 seconds
  Import took 0.385555 seconds .

========================================================================
Received Import Request.
  Time since last request: 280.833731 seconds.
  path: Assets/Scripts
  artifactKey: Guid(6bd054af0e3d58b4d8e6c72580b0fc34) Importer(815301076,1909f56bfc062723c751e8b465ee728b)
Start importing Assets/Scripts using Guid(6bd054af0e3d58b4d8e6c72580b0fc34) Importer(815301076,1909f56bfc062723c751e8b465ee728b)  -> (artifact id: 'b90018996986b5c19aaf33b711bf0684') in 0.009984 seconds
  Import took 0.014460 seconds .

========================================================================
Received Import Request.
  Time since last request: 92.685040 seconds.
  path: Assets/Scripts/Spawner.cs
  artifactKey: Guid(a1498eb11f68ba044b35700a452e3a4b) Importer(815301076,1909f56bfc062723c751e8b465ee728b)
Start importing Assets/Scripts/Spawner.cs using Guid(a1498eb11f68ba044b35700a452e3a4b) Importer(815301076,1909f56bfc062723c751e8b465ee728b)  -> (artifact id: '67a154c36c2244557d9697ad01cd20a3') in 0.044930 seconds
  Import took 0.048715 seconds .

========================================================================
Received Prepare
Registering precompiled user dll's ...
Registered in 0.024981 seconds.
Begin MonoManager ReloadAssembly
Native extension for WindowsStandalone target not found
Native extension for WebGL target not found
Refreshing native plugins compatible for Editor in 0.32 ms, found 2 plugins.
Preloading 0 native plugins for Editor in 0.00 ms.
Mono: successfully reloaded assembly
- Completed reload, in  1.040 seconds
Platform modules already initialized, skipping
Refreshing native plugins compatible for Editor in 0.28 ms, found 2 plugins.
Preloading 0 native plugins for Editor in 0.00 ms.
Unloading 1382 Unused Serialized files (Serialized files now loaded: 0)
System memory in use before: 68.0 MB.
System memory in use after: 68.0 MB.

Unloading 14 unused Assets to reduce memory usage. Loaded Objects now: 1863.
Total: 1.880300 ms (FindLiveObjects: 0.168900 ms CreateObjectMapping: 0.047000 ms MarkObjects: 1.613100 ms  DeleteObjects: 0.050300 ms)

AssetImportWorkerClient::OnTransportError - code=2 error=End of file
