Using pre-set license
Built from '2020.3/staging' branch; Version is '2020.3.11f1 (99c7afb366b3) revision 10078127'; Using compiler version '192528614'; Build Type 'Release'
OS: 'Windows 10 Pro; OS build 19043.1165; Version 2009; 64bit' Language: 'en' Physical Memory: 8059 MB
BatchMode: 1, IsHumanControllingUs: 0, StartBugReporterOnCrash: 0, Is64bit: 1, IsPro: 0

 COMMAND LINE ARGUMENTS:
F:\Program Files\Unity\Editors\2020.3.11f1\Editor\Unity.exe
-adb2
-batchMode
-noUpm
-name
AssetImportWorker0
-projectPath
F:/Projects/Builds/Mobile/ShapeGame/ProtoShapeGame
-logFile
Logs/AssetImportWorker0.log
-srvPort
49314
Successfully changed project path to: F:/Projects/Builds/Mobile/ShapeGame/ProtoShapeGame
F:/Projects/Builds/Mobile/ShapeGame/ProtoShapeGame
Using Asset Import Pipeline V2.
Refreshing native plugins compatible for Editor in 29.94 ms, found 2 plugins.
Preloading 0 native plugins for Editor in 0.00 ms.
Initialize engine version: 2020.3.11f1 (99c7afb366b3)
[Subsystems] Discovering subsystems at path F:/Program Files/Unity/Editors/2020.3.11f1/Editor/Data/Resources/UnitySubsystems
[Subsystems] Discovering subsystems at path F:/Projects/Builds/Mobile/ShapeGame/ProtoShapeGame/Assets
GfxDevice: creating device client; threaded=0
Direct3D:
    Version:  Direct3D 11.0 [level 11.1]
    Renderer: Intel(R) UHD Graphics 630 (ID=0x3e92)
    Vendor:   
    VRAM:     4029 MB
    Driver:   27.20.100.8783
Initialize mono
Mono path[0] = 'F:/Program Files/Unity/Editors/2020.3.11f1/Editor/Data/Managed'
Mono path[1] = 'F:/Program Files/Unity/Editors/2020.3.11f1/Editor/Data/MonoBleedingEdge/lib/mono/unityjit'
Mono config path = 'F:/Program Files/Unity/Editors/2020.3.11f1/Editor/Data/MonoBleedingEdge/etc'
Using monoOptions --debugger-agent=transport=dt_socket,embedding=1,server=y,suspend=n,address=127.0.0.1:56276
Begin MonoManager ReloadAssembly
Registering precompiled unity dll's ...
Register platform support module: F:/Program Files/Unity/Editors/2020.3.11f1/Editor/Data/PlaybackEngines/WebGLSupport/UnityEditor.WebGL.Extensions.dll
Register platform support module: F:/Program Files/Unity/Editors/2020.3.11f1/Editor/Data/PlaybackEngines/WindowsStandaloneSupport/UnityEditor.WindowsStandalone.Extensions.dll
Registered in 0.002400 seconds.
Native extension for WindowsStandalone target not found
Native extension for WebGL target not found
Refreshing native plugins compatible for Editor in 38.28 ms, found 2 plugins.
Preloading 0 native plugins for Editor in 0.00 ms.
Mono: successfully reloaded assembly
- Completed reload, in  2.484 seconds
Platform modules already initialized, skipping
Registering precompiled user dll's ...
Registered in 0.005823 seconds.
Begin MonoManager ReloadAssembly
Symbol file data-000001EE427BB050 doesn't match image F:\Projects\Builds\Mobile\ShapeGame\ProtoShapeGame\Library\ScriptAssemblies\Unity.VSCode.Editor.dll
Symbol file LoadedFromMemory is not a mono symbol file
Symbol file data-000001EFFE4E4040 doesn't match image F:\Projects\Builds\Mobile\ShapeGame\ProtoShapeGame\Library\ScriptAssemblies\Unity.TextMeshPro.Editor.dll
Symbol file LoadedFromMemory is not a mono symbol file
Symbol file data-000001EE413FD9B0 doesn't match image F:\Projects\Builds\Mobile\ShapeGame\ProtoShapeGame\Library\ScriptAssemblies\Unity.VisualStudio.Editor.dll
Symbol file LoadedFromMemory is not a mono symbol file
Symbol file data-000001EE410B1620 doesn't match image F:\Projects\Builds\Mobile\ShapeGame\ProtoShapeGame\Library\ScriptAssemblies\UnityEngine.TestRunner.dll
Symbol file LoadedFromMemory is not a mono symbol file
Symbol file data-000001EE41AE0030 doesn't match image F:\Projects\Builds\Mobile\ShapeGame\ProtoShapeGame\Library\ScriptAssemblies\Unity.Timeline.Editor.dll
Symbol file LoadedFromMemory is not a mono symbol file
Symbol file data-000001EE42557A30 doesn't match image F:\Projects\Builds\Mobile\ShapeGame\ProtoShapeGame\Library\ScriptAssemblies\Unity.Timeline.dll
Symbol file LoadedFromMemory is not a mono symbol file
Symbol file data-000001EE41AE0030 doesn't match image F:\Projects\Builds\Mobile\ShapeGame\ProtoShapeGame\Library\ScriptAssemblies\Unity.TextMeshPro.dll
Symbol file LoadedFromMemory is not a mono symbol file
Symbol file data-000001EE410B1620 doesn't match image F:\Projects\Builds\Mobile\ShapeGame\ProtoShapeGame\Library\ScriptAssemblies\Unity.CollabProxy.Editor.dll
Symbol file LoadedFromMemory is not a mono symbol file
Symbol file data-000001EFFE823FE0 doesn't match image F:\Projects\Builds\Mobile\ShapeGame\ProtoShapeGame\Library\ScriptAssemblies\UnityEditor.TestRunner.dll
Symbol file LoadedFromMemory is not a mono symbol file
Symbol file data-000001EE413FD9B0 doesn't match image F:\Projects\Builds\Mobile\ShapeGame\ProtoShapeGame\Library\ScriptAssemblies\UnityEditor.UI.dll
Symbol file LoadedFromMemory is not a mono symbol file
Symbol file data-000001EFFE722020 doesn't match image F:\Projects\Builds\Mobile\ShapeGame\ProtoShapeGame\Library\ScriptAssemblies\Unity.PlasticSCM.Editor.dll
Symbol file LoadedFromMemory is not a mono symbol file
Symbol file data-000001EFFEBE5130 doesn't match image F:\Projects\Builds\Mobile\ShapeGame\ProtoShapeGame\Library\ScriptAssemblies\Unity.Rider.Editor.dll
Symbol file LoadedFromMemory is not a mono symbol file
Symbol file data-000001EFFE7B2020 doesn't match image F:\Projects\Builds\Mobile\ShapeGame\ProtoShapeGame\Library\ScriptAssemblies\UnityEngine.UI.dll
Symbol file LoadedFromMemory is not a mono symbol file
Native extension for WindowsStandalone target not found
Native extension for WebGL target not found
Refreshing native plugins compatible for Editor in 0.29 ms, found 2 plugins.
Preloading 0 native plugins for Editor in 0.00 ms.
Mono: successfully reloaded assembly
- Completed reload, in  1.393 seconds
Platform modules already initialized, skipping
========================================================================
Worker process is ready to serve import requests
Launched and connected shader compiler UnityShaderCompiler.exe after 0.08 seconds
Refreshing native plugins compatible for Editor in 0.29 ms, found 2 plugins.
Preloading 0 native plugins for Editor in 0.00 ms.
Unloading 1395 Unused Serialized files (Serialized files now loaded: 0)
System memory in use before: 64.9 MB.
System memory in use after: 65.0 MB.

Unloading 19 unused Assets to reduce memory usage. Loaded Objects now: 1828.
Total: 2.494600 ms (FindLiveObjects: 0.321300 ms CreateObjectMapping: 0.072700 ms MarkObjects: 1.994200 ms  DeleteObjects: 0.104900 ms)

========================================================================
Received Import Request.
  path: Assets/Scripts/InputManager.cs
  artifactKey: Guid(06322cc95aa835345bc591f0048bf2fc) Importer(815301076,1909f56bfc062723c751e8b465ee728b)
Start importing Assets/Scripts/InputManager.cs using Guid(06322cc95aa835345bc591f0048bf2fc) Importer(815301076,1909f56bfc062723c751e8b465ee728b)  -> (artifact id: '3ae98b0fd374b67fa1b12af1b836b6de') in 0.080383 seconds
  Import took 0.085604 seconds .

========================================================================
Received Import Request.
  Time since last request: 11023.267699 seconds.
  path: Assets/Scripts/InputManager.cs
  artifactKey: Guid(06322cc95aa835345bc591f0048bf2fc) Importer(815301076,1909f56bfc062723c751e8b465ee728b)
Start importing Assets/Scripts/InputManager.cs using Guid(06322cc95aa835345bc591f0048bf2fc) Importer(815301076,1909f56bfc062723c751e8b465ee728b)  -> (artifact id: 'cc7c170b055c6e765b5d2dbe6b7eb99c') in 0.009616 seconds
  Import took 0.051148 seconds .

========================================================================
Received Prepare
Registering precompiled user dll's ...
Registered in 0.019162 seconds.
Begin MonoManager ReloadAssembly
Symbol file data-000001EE57112270 doesn't match image F:\Projects\Builds\Mobile\ShapeGame\ProtoShapeGame\Library\ScriptAssemblies\Unity.VSCode.Editor.dll
Symbol file LoadedFromMemory is not a mono symbol file
Symbol file data-000001EE4551B2F0 doesn't match image F:\Projects\Builds\Mobile\ShapeGame\ProtoShapeGame\Library\ScriptAssemblies\Unity.TextMeshPro.Editor.dll
Symbol file LoadedFromMemory is not a mono symbol file
Symbol file data-000001EE41D06090 doesn't match image F:\Projects\Builds\Mobile\ShapeGame\ProtoShapeGame\Library\ScriptAssemblies\Unity.VisualStudio.Editor.dll
Symbol file LoadedFromMemory is not a mono symbol file
Symbol file data-000001EFFE5538C0 doesn't match image F:\Projects\Builds\Mobile\ShapeGame\ProtoShapeGame\Library\ScriptAssemblies\UnityEngine.TestRunner.dll
Symbol file LoadedFromMemory is not a mono symbol file
Symbol file data-000001EFFE970B50 doesn't match image F:\Projects\Builds\Mobile\ShapeGame\ProtoShapeGame\Library\ScriptAssemblies\Unity.Timeline.Editor.dll
Symbol file LoadedFromMemory is not a mono symbol file
Symbol file data-000001EFFEA75010 doesn't match image F:\Projects\Builds\Mobile\ShapeGame\ProtoShapeGame\Library\ScriptAssemblies\Unity.Timeline.dll
Symbol file LoadedFromMemory is not a mono symbol file
Symbol file data-000001EFFE804BD0 doesn't match image F:\Projects\Builds\Mobile\ShapeGame\ProtoShapeGame\Library\ScriptAssemblies\Unity.TextMeshPro.dll
Symbol file LoadedFromMemory is not a mono symbol file
Symbol file data-000001EFFE82ADE0 doesn't match image F:\Projects\Builds\Mobile\ShapeGame\ProtoShapeGame\Library\ScriptAssemblies\Unity.CollabProxy.Editor.dll
Symbol file LoadedFromMemory is not a mono symbol file
Symbol file data-000001EE4183F020 doesn't match image F:\Projects\Builds\Mobile\ShapeGame\ProtoShapeGame\Library\ScriptAssemblies\UnityEditor.TestRunner.dll
Symbol file LoadedFromMemory is not a mono symbol file
Symbol file data-000001EFFE835EB0 doesn't match image F:\Projects\Builds\Mobile\ShapeGame\ProtoShapeGame\Library\ScriptAssemblies\UnityEditor.UI.dll
Symbol file LoadedFromMemory is not a mono symbol file
Symbol file data-000001EFFE722020 doesn't match image F:\Projects\Builds\Mobile\ShapeGame\ProtoShapeGame\Library\ScriptAssemblies\Unity.PlasticSCM.Editor.dll
Symbol file LoadedFromMemory is not a mono symbol file
Symbol file data-000001EE570F19C0 doesn't match image F:\Projects\Builds\Mobile\ShapeGame\ProtoShapeGame\Library\ScriptAssemblies\Unity.Rider.Editor.dll
Symbol file LoadedFromMemory is not a mono symbol file
Symbol file data-000001EFFE67A020 doesn't match image F:\Projects\Builds\Mobile\ShapeGame\ProtoShapeGame\Library\ScriptAssemblies\UnityEngine.UI.dll
Symbol file LoadedFromMemory is not a mono symbol file
Native extension for WindowsStandalone target not found
Native extension for WebGL target not found
Refreshing native plugins compatible for Editor in 0.36 ms, found 2 plugins.
Preloading 0 native plugins for Editor in 0.00 ms.
Mono: successfully reloaded assembly
- Completed reload, in  1.275 seconds
Platform modules already initialized, skipping
Refreshing native plugins compatible for Editor in 0.40 ms, found 2 plugins.
Preloading 0 native plugins for Editor in 0.00 ms.
Unloading 1390 Unused Serialized files (Serialized files now loaded: 0)
System memory in use before: 64.9 MB.
System memory in use after: 64.9 MB.

Unloading 14 unused Assets to reduce memory usage. Loaded Objects now: 1831.
Total: 3.264300 ms (FindLiveObjects: 0.312600 ms CreateObjectMapping: 0.085800 ms MarkObjects: 2.768500 ms  DeleteObjects: 0.095200 ms)

========================================================================
Received Prepare
Registering precompiled user dll's ...
Registered in 0.008621 seconds.
Begin MonoManager ReloadAssembly
Symbol file data-000001EE57112270 doesn't match image F:\Projects\Builds\Mobile\ShapeGame\ProtoShapeGame\Library\ScriptAssemblies\Unity.VSCode.Editor.dll
Symbol file LoadedFromMemory is not a mono symbol file
Symbol file data-000001EFFE9A2010 doesn't match image F:\Projects\Builds\Mobile\ShapeGame\ProtoShapeGame\Library\ScriptAssemblies\Unity.TextMeshPro.Editor.dll
Symbol file LoadedFromMemory is not a mono symbol file
Symbol file data-000001EE40F33030 doesn't match image F:\Projects\Builds\Mobile\ShapeGame\ProtoShapeGame\Library\ScriptAssemblies\Unity.VisualStudio.Editor.dll
Symbol file LoadedFromMemory is not a mono symbol file
Symbol file data-000001EFFE5538C0 doesn't match image F:\Projects\Builds\Mobile\ShapeGame\ProtoShapeGame\Library\ScriptAssemblies\UnityEngine.TestRunner.dll
Symbol file LoadedFromMemory is not a mono symbol file
Symbol file data-000001EE45810030 doesn't match image F:\Projects\Builds\Mobile\ShapeGame\ProtoShapeGame\Library\ScriptAssemblies\Unity.Timeline.Editor.dll
Symbol file LoadedFromMemory is not a mono symbol file
Symbol file data-000001EE42272770 doesn't match image F:\Projects\Builds\Mobile\ShapeGame\ProtoShapeGame\Library\ScriptAssemblies\Unity.Timeline.dll
Symbol file LoadedFromMemory is not a mono symbol file
Symbol file data-000001EE45D7D020 doesn't match image F:\Projects\Builds\Mobile\ShapeGame\ProtoShapeGame\Library\ScriptAssemblies\Unity.TextMeshPro.dll
Symbol file LoadedFromMemory is not a mono symbol file
Symbol file data-000001EE426DD020 doesn't match image F:\Projects\Builds\Mobile\ShapeGame\ProtoShapeGame\Library\ScriptAssemblies\Unity.CollabProxy.Editor.dll
Symbol file LoadedFromMemory is not a mono symbol file
Symbol file data-000001EE415A1020 doesn't match image F:\Projects\Builds\Mobile\ShapeGame\ProtoShapeGame\Library\ScriptAssemblies\UnityEditor.TestRunner.dll
Symbol file LoadedFromMemory is not a mono symbol file
Symbol file data-000001EE46031040 doesn't match image F:\Projects\Builds\Mobile\ShapeGame\ProtoShapeGame\Library\ScriptAssemblies\UnityEditor.UI.dll
Symbol file LoadedFromMemory is not a mono symbol file
Symbol file data-000001EE40EF7020 doesn't match image F:\Projects\Builds\Mobile\ShapeGame\ProtoShapeGame\Library\ScriptAssemblies\Unity.PlasticSCM.Editor.dll
Symbol file LoadedFromMemory is not a mono symbol file
Symbol file data-000001EE45DA3230 doesn't match image F:\Projects\Builds\Mobile\ShapeGame\ProtoShapeGame\Library\ScriptAssemblies\Unity.Rider.Editor.dll
Symbol file LoadedFromMemory is not a mono symbol file
Symbol file data-000001EFFE4E4040 doesn't match image F:\Projects\Builds\Mobile\ShapeGame\ProtoShapeGame\Library\ScriptAssemblies\UnityEngine.UI.dll
Symbol file LoadedFromMemory is not a mono symbol file
Native extension for WindowsStandalone target not found
Native extension for WebGL target not found
Refreshing native plugins compatible for Editor in 1.21 ms, found 2 plugins.
Preloading 0 native plugins for Editor in 0.00 ms.
Mono: successfully reloaded assembly
- Completed reload, in  1.044 seconds
Platform modules already initialized, skipping
Refreshing native plugins compatible for Editor in 0.30 ms, found 2 plugins.
Preloading 0 native plugins for Editor in 0.00 ms.
Unloading 1390 Unused Serialized files (Serialized files now loaded: 0)
System memory in use before: 64.9 MB.
System memory in use after: 65.0 MB.

Unloading 14 unused Assets to reduce memory usage. Loaded Objects now: 1834.
Total: 2.177500 ms (FindLiveObjects: 0.192000 ms CreateObjectMapping: 0.053600 ms MarkObjects: 1.861900 ms  DeleteObjects: 0.068900 ms)

========================================================================
Received Import Request.
  Time since last request: 211.629063 seconds.
  path: Assets/Scripts/Spawner.cs
  artifactKey: Guid(a1498eb11f68ba044b35700a452e3a4b) Importer(815301076,1909f56bfc062723c751e8b465ee728b)
Start importing Assets/Scripts/Spawner.cs using Guid(a1498eb11f68ba044b35700a452e3a4b) Importer(815301076,1909f56bfc062723c751e8b465ee728b)  -> (artifact id: '9c1f69f88baad8164f7a12ae2c8dff2b') in 0.011133 seconds
  Import took 0.014085 seconds .

========================================================================
Received Import Request.
  Time since last request: 0.002623 seconds.
  path: Assets/Scripts/Spawner.cs
  artifactKey: Guid(a1498eb11f68ba044b35700a452e3a4b) Importer(815301076,1909f56bfc062723c751e8b465ee728b)
Start importing Assets/Scripts/Spawner.cs using Guid(a1498eb11f68ba044b35700a452e3a4b) Importer(815301076,1909f56bfc062723c751e8b465ee728b)  -> (artifact id: '9c1f69f88baad8164f7a12ae2c8dff2b') in 0.010325 seconds
  Import took 0.013936 seconds .

========================================================================
Received Import Request.
  Time since last request: 34.319405 seconds.
  path: Assets/Scripts/HitByUnit.cs
  artifactKey: Guid(af9acb67e91c04144afd2c178ba11314) Importer(815301076,1909f56bfc062723c751e8b465ee728b)
Start importing Assets/Scripts/HitByUnit.cs using Guid(af9acb67e91c04144afd2c178ba11314) Importer(815301076,1909f56bfc062723c751e8b465ee728b)  -> (artifact id: 'a40ead340f9d4538d4efcd7b70d55b1f') in 0.009066 seconds
  Import took 0.011388 seconds .

========================================================================
Received Import Request.
  Time since last request: 0.000588 seconds.
  path: Assets/Scripts/HitByUnit.cs
  artifactKey: Guid(af9acb67e91c04144afd2c178ba11314) Importer(815301076,1909f56bfc062723c751e8b465ee728b)
Start importing Assets/Scripts/HitByUnit.cs using Guid(af9acb67e91c04144afd2c178ba11314) Importer(815301076,1909f56bfc062723c751e8b465ee728b)  -> (artifact id: 'a40ead340f9d4538d4efcd7b70d55b1f') in 0.006367 seconds
  Import took 0.009060 seconds .

========================================================================
Received Import Request.
  Time since last request: 6.306158 seconds.
  path: Assets/Scripts/AISpawner.cs
  artifactKey: Guid(ed373885dec90aa4697844f1cf5bb76c) Importer(815301076,1909f56bfc062723c751e8b465ee728b)
Start importing Assets/Scripts/AISpawner.cs using Guid(ed373885dec90aa4697844f1cf5bb76c) Importer(815301076,1909f56bfc062723c751e8b465ee728b)  -> (artifact id: '92a498d15c6fc8e6cb3f89d538ea3089') in 0.006553 seconds
  Import took 0.008890 seconds .

========================================================================
Received Import Request.
  Time since last request: 0.002592 seconds.
  path: Assets/Scripts/AISpawner.cs
  artifactKey: Guid(ed373885dec90aa4697844f1cf5bb76c) Importer(815301076,1909f56bfc062723c751e8b465ee728b)
Start importing Assets/Scripts/AISpawner.cs using Guid(ed373885dec90aa4697844f1cf5bb76c) Importer(815301076,1909f56bfc062723c751e8b465ee728b)  -> (artifact id: '92a498d15c6fc8e6cb3f89d538ea3089') in 0.008246 seconds
  Import took 0.010842 seconds .

========================================================================
Received Prepare
Registering precompiled user dll's ...
Registered in 0.054311 seconds.
Begin MonoManager ReloadAssembly
Symbol file data-000001EE450478D0 doesn't match image F:\Projects\Builds\Mobile\ShapeGame\ProtoShapeGame\Library\ScriptAssemblies\Unity.VSCode.Editor.dll
Symbol file LoadedFromMemory is not a mono symbol file
Symbol file data-000001EE42FE0020 doesn't match image F:\Projects\Builds\Mobile\ShapeGame\ProtoShapeGame\Library\ScriptAssemblies\Unity.TextMeshPro.Editor.dll
Symbol file LoadedFromMemory is not a mono symbol file
Symbol file data-000001EE41B1C1B0 doesn't match image F:\Projects\Builds\Mobile\ShapeGame\ProtoShapeGame\Library\ScriptAssemblies\Unity.VisualStudio.Editor.dll
Symbol file LoadedFromMemory is not a mono symbol file
Symbol file data-000001EE45BC0F50 doesn't match image F:\Projects\Builds\Mobile\ShapeGame\ProtoShapeGame\Library\ScriptAssemblies\UnityEngine.TestRunner.dll
Symbol file LoadedFromMemory is not a mono symbol file
Symbol file data-000001EE42C91C40 doesn't match image F:\Projects\Builds\Mobile\ShapeGame\ProtoShapeGame\Library\ScriptAssemblies\Unity.Timeline.Editor.dll
Symbol file LoadedFromMemory is not a mono symbol file
Symbol file data-000001EE42272770 doesn't match image F:\Projects\Builds\Mobile\ShapeGame\ProtoShapeGame\Library\ScriptAssemblies\Unity.Timeline.dll
Symbol file LoadedFromMemory is not a mono symbol file
Symbol file data-000001EE4507A050 doesn't match image F:\Projects\Builds\Mobile\ShapeGame\ProtoShapeGame\Library\ScriptAssemblies\Unity.TextMeshPro.dll
Symbol file LoadedFromMemory is not a mono symbol file
Symbol file data-000001EE45BC0F50 doesn't match image F:\Projects\Builds\Mobile\ShapeGame\ProtoShapeGame\Library\ScriptAssemblies\Unity.CollabProxy.Editor.dll
Symbol file LoadedFromMemory is not a mono symbol file
Symbol file data-000001EE415A1020 doesn't match image F:\Projects\Builds\Mobile\ShapeGame\ProtoShapeGame\Library\ScriptAssemblies\UnityEditor.TestRunner.dll
Symbol file LoadedFromMemory is not a mono symbol file
Symbol file data-000001EE41BE4030 doesn't match image F:\Projects\Builds\Mobile\ShapeGame\ProtoShapeGame\Library\ScriptAssemblies\UnityEditor.UI.dll
Symbol file LoadedFromMemory is not a mono symbol file
Symbol file data-000001EE45D7D020 doesn't match image F:\Projects\Builds\Mobile\ShapeGame\ProtoShapeGame\Library\ScriptAssemblies\Unity.PlasticSCM.Editor.dll
Symbol file LoadedFromMemory is not a mono symbol file
Symbol file data-000001EE413FD9B0 doesn't match image F:\Projects\Builds\Mobile\ShapeGame\ProtoShapeGame\Library\ScriptAssemblies\Unity.Rider.Editor.dll
Symbol file LoadedFromMemory is not a mono symbol file
Symbol file data-000001EFFE4E4040 doesn't match image F:\Projects\Builds\Mobile\ShapeGame\ProtoShapeGame\Library\ScriptAssemblies\UnityEngine.UI.dll
Symbol file LoadedFromMemory is not a mono symbol file
Native extension for WindowsStandalone target not found
Native extension for WebGL target not found
Refreshing native plugins compatible for Editor in 0.31 ms, found 2 plugins.
Preloading 0 native plugins for Editor in 0.00 ms.
Mono: successfully reloaded assembly
- Completed reload, in  1.138 seconds
Platform modules already initialized, skipping
Refreshing native plugins compatible for Editor in 0.29 ms, found 2 plugins.
Preloading 0 native plugins for Editor in 0.00 ms.
Unloading 1390 Unused Serialized files (Serialized files now loaded: 0)
System memory in use before: 64.9 MB.
System memory in use after: 65.0 MB.

Unloading 14 unused Assets to reduce memory usage. Loaded Objects now: 1837.
Total: 1.886000 ms (FindLiveObjects: 0.124300 ms CreateObjectMapping: 0.038900 ms MarkObjects: 1.672100 ms  DeleteObjects: 0.049900 ms)

========================================================================
Received Prepare
Registering precompiled user dll's ...
Registered in 0.004625 seconds.
Begin MonoManager ReloadAssembly
Symbol file data-000001EE4641E100 doesn't match image F:\Projects\Builds\Mobile\ShapeGame\ProtoShapeGame\Library\ScriptAssemblies\Unity.VSCode.Editor.dll
Symbol file LoadedFromMemory is not a mono symbol file
Symbol file data-000001EFFE9A2010 doesn't match image F:\Projects\Builds\Mobile\ShapeGame\ProtoShapeGame\Library\ScriptAssemblies\Unity.TextMeshPro.Editor.dll
Symbol file LoadedFromMemory is not a mono symbol file
Symbol file data-000001EE449A6030 doesn't match image F:\Projects\Builds\Mobile\ShapeGame\ProtoShapeGame\Library\ScriptAssemblies\Unity.VisualStudio.Editor.dll
Symbol file LoadedFromMemory is not a mono symbol file
Symbol file data-000001EFFE5538C0 doesn't match image F:\Projects\Builds\Mobile\ShapeGame\ProtoShapeGame\Library\ScriptAssemblies\UnityEngine.TestRunner.dll
Symbol file LoadedFromMemory is not a mono symbol file
Symbol file data-000001EE44E2A030 doesn't match image F:\Projects\Builds\Mobile\ShapeGame\ProtoShapeGame\Library\ScriptAssemblies\Unity.Timeline.Editor.dll
Symbol file LoadedFromMemory is not a mono symbol file
Symbol file data-000001EE40E94B90 doesn't match image F:\Projects\Builds\Mobile\ShapeGame\ProtoShapeGame\Library\ScriptAssemblies\Unity.Timeline.dll
Symbol file LoadedFromMemory is not a mono symbol file
Symbol file data-000001EE4507A050 doesn't match image F:\Projects\Builds\Mobile\ShapeGame\ProtoShapeGame\Library\ScriptAssemblies\Unity.TextMeshPro.dll
Symbol file LoadedFromMemory is not a mono symbol file
Symbol file data-000001EE4553B310 doesn't match image F:\Projects\Builds\Mobile\ShapeGame\ProtoShapeGame\Library\ScriptAssemblies\Unity.CollabProxy.Editor.dll
Symbol file LoadedFromMemory is not a mono symbol file
Symbol file data-000001EE45950080 doesn't match image F:\Projects\Builds\Mobile\ShapeGame\ProtoShapeGame\Library\ScriptAssemblies\UnityEditor.TestRunner.dll
Symbol file LoadedFromMemory is not a mono symbol file
Symbol file data-000001EE44DB0070 doesn't match image F:\Projects\Builds\Mobile\ShapeGame\ProtoShapeGame\Library\ScriptAssemblies\UnityEditor.UI.dll
Symbol file LoadedFromMemory is not a mono symbol file
Symbol file data-000001EFFE804BD0 doesn't match image F:\Projects\Builds\Mobile\ShapeGame\ProtoShapeGame\Library\ScriptAssemblies\Unity.PlasticSCM.Editor.dll
Symbol file LoadedFromMemory is not a mono symbol file
Symbol file data-000001EE413FD9B0 doesn't match image F:\Projects\Builds\Mobile\ShapeGame\ProtoShapeGame\Library\ScriptAssemblies\Unity.Rider.Editor.dll
Symbol file LoadedFromMemory is not a mono symbol file
Symbol file data-000001EFFE4E4040 doesn't match image F:\Projects\Builds\Mobile\ShapeGame\ProtoShapeGame\Library\ScriptAssemblies\UnityEngine.UI.dll
Symbol file LoadedFromMemory is not a mono symbol file
Native extension for WindowsStandalone target not found
Native extension for WebGL target not found
Refreshing native plugins compatible for Editor in 0.30 ms, found 2 plugins.
Preloading 0 native plugins for Editor in 0.00 ms.
Mono: successfully reloaded assembly
- Completed reload, in  0.969 seconds
Platform modules already initialized, skipping
Refreshing native plugins compatible for Editor in 0.28 ms, found 2 plugins.
Preloading 0 native plugins for Editor in 0.00 ms.
Unloading 1390 Unused Serialized files (Serialized files now loaded: 0)
System memory in use before: 64.9 MB.
System memory in use after: 65.0 MB.

Unloading 14 unused Assets to reduce memory usage. Loaded Objects now: 1840.
Total: 3.091400 ms (FindLiveObjects: 0.176200 ms CreateObjectMapping: 0.048500 ms MarkObjects: 2.809500 ms  DeleteObjects: 0.056300 ms)

========================================================================
Received Prepare
Registering precompiled user dll's ...
Registered in 0.019669 seconds.
Begin MonoManager ReloadAssembly
Symbol file data-000001EE4615A8E0 doesn't match image F:\Projects\Builds\Mobile\ShapeGame\ProtoShapeGame\Library\ScriptAssemblies\Unity.VSCode.Editor.dll
Symbol file LoadedFromMemory is not a mono symbol file
Symbol file data-000001EFFE9A2010 doesn't match image F:\Projects\Builds\Mobile\ShapeGame\ProtoShapeGame\Library\ScriptAssemblies\Unity.TextMeshPro.Editor.dll
Symbol file LoadedFromMemory is not a mono symbol file
Symbol file data-000001EE42F3C010 doesn't match image F:\Projects\Builds\Mobile\ShapeGame\ProtoShapeGame\Library\ScriptAssemblies\Unity.VisualStudio.Editor.dll
Symbol file LoadedFromMemory is not a mono symbol file
Symbol file data-000001EE45281010 doesn't match image F:\Projects\Builds\Mobile\ShapeGame\ProtoShapeGame\Library\ScriptAssemblies\UnityEngine.TestRunner.dll
Symbol file LoadedFromMemory is not a mono symbol file
Symbol file data-000001EE44E2A030 doesn't match image F:\Projects\Builds\Mobile\ShapeGame\ProtoShapeGame\Library\ScriptAssemblies\Unity.Timeline.Editor.dll
Symbol file LoadedFromMemory is not a mono symbol file
Symbol file data-000001EE40DA7010 doesn't match image F:\Projects\Builds\Mobile\ShapeGame\ProtoShapeGame\Library\ScriptAssemblies\Unity.Timeline.dll
Symbol file LoadedFromMemory is not a mono symbol file
Symbol file data-000001EE4507A050 doesn't match image F:\Projects\Builds\Mobile\ShapeGame\ProtoShapeGame\Library\ScriptAssemblies\Unity.TextMeshPro.dll
Symbol file LoadedFromMemory is not a mono symbol file
Symbol file data-000001EE40DA7010 doesn't match image F:\Projects\Builds\Mobile\ShapeGame\ProtoShapeGame\Library\ScriptAssemblies\Unity.CollabProxy.Editor.dll
Symbol file LoadedFromMemory is not a mono symbol file
Symbol file data-000001EE456F0BC0 doesn't match image F:\Projects\Builds\Mobile\ShapeGame\ProtoShapeGame\Library\ScriptAssemblies\UnityEditor.TestRunner.dll
Symbol file LoadedFromMemory is not a mono symbol file
Symbol file data-000001EE4570A020 doesn't match image F:\Projects\Builds\Mobile\ShapeGame\ProtoShapeGame\Library\ScriptAssemblies\UnityEditor.UI.dll
Symbol file LoadedFromMemory is not a mono symbol file
Symbol file data-000001EFFE722020 doesn't match image F:\Projects\Builds\Mobile\ShapeGame\ProtoShapeGame\Library\ScriptAssemblies\Unity.PlasticSCM.Editor.dll
Symbol file LoadedFromMemory is not a mono symbol file
Symbol file data-000001EE413FD9B0 doesn't match image F:\Projects\Builds\Mobile\ShapeGame\ProtoShapeGame\Library\ScriptAssemblies\Unity.Rider.Editor.dll
Symbol file LoadedFromMemory is not a mono symbol file
Symbol file data-000001EE44B71040 doesn't match image F:\Projects\Builds\Mobile\ShapeGame\ProtoShapeGame\Library\ScriptAssemblies\UnityEngine.UI.dll
Symbol file LoadedFromMemory is not a mono symbol file
Native extension for WindowsStandalone target not found
Native extension for WebGL target not found
Refreshing native plugins compatible for Editor in 0.29 ms, found 2 plugins.
Preloading 0 native plugins for Editor in 0.00 ms.
Mono: successfully reloaded assembly
- Completed reload, in  0.977 seconds
Platform modules already initialized, skipping
Refreshing native plugins compatible for Editor in 0.27 ms, found 2 plugins.
Preloading 0 native plugins for Editor in 0.00 ms.
Unloading 1390 Unused Serialized files (Serialized files now loaded: 0)
System memory in use before: 64.9 MB.
System memory in use after: 65.0 MB.

Unloading 14 unused Assets to reduce memory usage. Loaded Objects now: 1843.
Total: 2.231700 ms (FindLiveObjects: 0.124500 ms CreateObjectMapping: 0.037700 ms MarkObjects: 2.014700 ms  DeleteObjects: 0.053900 ms)

========================================================================
Received Prepare
Registering precompiled user dll's ...
Registered in 0.005027 seconds.
Begin MonoManager ReloadAssembly
Symbol file data-000001EE44FAA8A0 doesn't match image F:\Projects\Builds\Mobile\ShapeGame\ProtoShapeGame\Library\ScriptAssemblies\Unity.VSCode.Editor.dll
Symbol file LoadedFromMemory is not a mono symbol file
Symbol file data-000001EE44986030 doesn't match image F:\Projects\Builds\Mobile\ShapeGame\ProtoShapeGame\Library\ScriptAssemblies\Unity.TextMeshPro.Editor.dll
Symbol file LoadedFromMemory is not a mono symbol file
Symbol file data-000001EE41B1C1B0 doesn't match image F:\Projects\Builds\Mobile\ShapeGame\ProtoShapeGame\Library\ScriptAssemblies\Unity.VisualStudio.Editor.dll
Symbol file LoadedFromMemory is not a mono symbol file
Symbol file data-000001EE42AAD010 doesn't match image F:\Projects\Builds\Mobile\ShapeGame\ProtoShapeGame\Library\ScriptAssemblies\UnityEngine.TestRunner.dll
Symbol file LoadedFromMemory is not a mono symbol file
Symbol file data-000001EE44AAD030 doesn't match image F:\Projects\Builds\Mobile\ShapeGame\ProtoShapeGame\Library\ScriptAssemblies\Unity.Timeline.Editor.dll
Symbol file LoadedFromMemory is not a mono symbol file
Symbol file data-000001EE42AAD010 doesn't match image F:\Projects\Builds\Mobile\ShapeGame\ProtoShapeGame\Library\ScriptAssemblies\Unity.Timeline.dll
Symbol file LoadedFromMemory is not a mono symbol file
Symbol file data-000001EE46009010 doesn't match image F:\Projects\Builds\Mobile\ShapeGame\ProtoShapeGame\Library\ScriptAssemblies\Unity.TextMeshPro.dll
Symbol file LoadedFromMemory is not a mono symbol file
Symbol file data-000001EE42AAD010 doesn't match image F:\Projects\Builds\Mobile\ShapeGame\ProtoShapeGame\Library\ScriptAssemblies\Unity.CollabProxy.Editor.dll
Symbol file LoadedFromMemory is not a mono symbol file
Symbol file data-000001EE456F0BC0 doesn't match image F:\Projects\Builds\Mobile\ShapeGame\ProtoShapeGame\Library\ScriptAssemblies\UnityEditor.TestRunner.dll
Symbol file LoadedFromMemory is not a mono symbol file
Symbol file data-000001EFFE9ABE40 doesn't match image F:\Projects\Builds\Mobile\ShapeGame\ProtoShapeGame\Library\ScriptAssemblies\UnityEditor.UI.dll
Symbol file LoadedFromMemory is not a mono symbol file
Symbol file data-000001EFFE722020 doesn't match image F:\Projects\Builds\Mobile\ShapeGame\ProtoShapeGame\Library\ScriptAssemblies\Unity.PlasticSCM.Editor.dll
Symbol file LoadedFromMemory is not a mono symbol file
Symbol file data-000001EE413FD9B0 doesn't match image F:\Projects\Builds\Mobile\ShapeGame\ProtoShapeGame\Library\ScriptAssemblies\Unity.Rider.Editor.dll
Symbol file LoadedFromMemory is not a mono symbol file
Symbol file data-000001EE44B71040 doesn't match image F:\Projects\Builds\Mobile\ShapeGame\ProtoShapeGame\Library\ScriptAssemblies\UnityEngine.UI.dll
Symbol file LoadedFromMemory is not a mono symbol file
Native extension for WindowsStandalone target not found
Native extension for WebGL target not found
Refreshing native plugins compatible for Editor in 0.28 ms, found 2 plugins.
Preloading 0 native plugins for Editor in 0.00 ms.
Mono: successfully reloaded assembly
- Completed reload, in  0.917 seconds
Platform modules already initialized, skipping
Refreshing native plugins compatible for Editor in 0.28 ms, found 2 plugins.
Preloading 0 native plugins for Editor in 0.00 ms.
Unloading 1390 Unused Serialized files (Serialized files now loaded: 0)
System memory in use before: 64.9 MB.
System memory in use after: 65.0 MB.

Unloading 14 unused Assets to reduce memory usage. Loaded Objects now: 1846.
Total: 1.795900 ms (FindLiveObjects: 0.129000 ms CreateObjectMapping: 0.039100 ms MarkObjects: 1.583700 ms  DeleteObjects: 0.043200 ms)

========================================================================
Received Prepare
Registering precompiled user dll's ...
Registered in 0.005847 seconds.
Begin MonoManager ReloadAssembly
Symbol file data-000001EE45089D10 doesn't match image F:\Projects\Builds\Mobile\ShapeGame\ProtoShapeGame\Library\ScriptAssemblies\Unity.VSCode.Editor.dll
Symbol file LoadedFromMemory is not a mono symbol file
Symbol file data-000001EE44986030 doesn't match image F:\Projects\Builds\Mobile\ShapeGame\ProtoShapeGame\Library\ScriptAssemblies\Unity.TextMeshPro.Editor.dll
Symbol file LoadedFromMemory is not a mono symbol file
Symbol file data-000001EE42F3C010 doesn't match image F:\Projects\Builds\Mobile\ShapeGame\ProtoShapeGame\Library\ScriptAssemblies\Unity.VisualStudio.Editor.dll
Symbol file LoadedFromMemory is not a mono symbol file
Symbol file data-000001EE4670C010 doesn't match image F:\Projects\Builds\Mobile\ShapeGame\ProtoShapeGame\Library\ScriptAssemblies\UnityEngine.TestRunner.dll
Symbol file LoadedFromMemory is not a mono symbol file
Symbol file data-000001EE44CBA020 doesn't match image F:\Projects\Builds\Mobile\ShapeGame\ProtoShapeGame\Library\ScriptAssemblies\Unity.Timeline.Editor.dll
Symbol file LoadedFromMemory is not a mono symbol file
Symbol file data-000001EE452F9020 doesn't match image F:\Projects\Builds\Mobile\ShapeGame\ProtoShapeGame\Library\ScriptAssemblies\Unity.Timeline.dll
Symbol file LoadedFromMemory is not a mono symbol file
Symbol file data-000001EE45EB3040 doesn't match image F:\Projects\Builds\Mobile\ShapeGame\ProtoShapeGame\Library\ScriptAssemblies\Unity.TextMeshPro.dll
Symbol file LoadedFromMemory is not a mono symbol file
Symbol file data-000001EE45BC0F50 doesn't match image F:\Projects\Builds\Mobile\ShapeGame\ProtoShapeGame\Library\ScriptAssemblies\Unity.CollabProxy.Editor.dll
Symbol file LoadedFromMemory is not a mono symbol file
Symbol file data-000001EE456F0BC0 doesn't match image F:\Projects\Builds\Mobile\ShapeGame\ProtoShapeGame\Library\ScriptAssemblies\UnityEditor.TestRunner.dll
Symbol file LoadedFromMemory is not a mono symbol file
Symbol file data-000001EE414E2020 doesn't match image F:\Projects\Builds\Mobile\ShapeGame\ProtoShapeGame\Library\ScriptAssemblies\UnityEditor.UI.dll
Symbol file LoadedFromMemory is not a mono symbol file
Symbol file data-000001EFFE722020 doesn't match image F:\Projects\Builds\Mobile\ShapeGame\ProtoShapeGame\Library\ScriptAssemblies\Unity.PlasticSCM.Editor.dll
Symbol file LoadedFromMemory is not a mono symbol file
Symbol file data-000001EFFE57A040 doesn't match image F:\Projects\Builds\Mobile\ShapeGame\ProtoShapeGame\Library\ScriptAssemblies\Unity.Rider.Editor.dll
Symbol file LoadedFromMemory is not a mono symbol file
Symbol file data-000001EE44B71040 doesn't match image F:\Projects\Builds\Mobile\ShapeGame\ProtoShapeGame\Library\ScriptAssemblies\UnityEngine.UI.dll
Symbol file LoadedFromMemory is not a mono symbol file
Native extension for WindowsStandalone target not found
Native extension for WebGL target not found
Refreshing native plugins compatible for Editor in 0.28 ms, found 2 plugins.
Preloading 0 native plugins for Editor in 0.00 ms.
Mono: successfully reloaded assembly
- Completed reload, in  1.067 seconds
Platform modules already initialized, skipping
Refreshing native plugins compatible for Editor in 0.29 ms, found 2 plugins.
Preloading 0 native plugins for Editor in 0.00 ms.
Unloading 1390 Unused Serialized files (Serialized files now loaded: 0)
System memory in use before: 64.9 MB.
System memory in use after: 65.0 MB.

Unloading 14 unused Assets to reduce memory usage. Loaded Objects now: 1849.
Total: 2.237200 ms (FindLiveObjects: 0.131500 ms CreateObjectMapping: 0.039200 ms MarkObjects: 2.009700 ms  DeleteObjects: 0.055500 ms)

AssetImportWorkerClient::OnTransportError - code=2 error=End of file
