Using pre-set license
Built from '2020.3/staging' branch; Version is '2020.3.11f1 (99c7afb366b3) revision 10078127'; Using compiler version '192528614'; Build Type 'Release'
OS: 'Windows 10 Home; OS build 19043.1165; Version 2009; 64bit' Language: 'en' Physical Memory: 3997 MB
BatchMode: 1, IsHumanControllingUs: 0, StartBugReporterOnCrash: 0, Is64bit: 1, IsPro: 0

 COMMAND LINE ARGUMENTS:
D:\2020.3.11f1\Editor\Unity.exe
-adb2
-batchMode
-noUpm
-name
AssetImportWorker2
-projectPath
D:/Unity Projects/3D/ShapeGame/ProtoShapeGame
-logFile
Logs/AssetImportWorker2.log
-srvPort
55699
Successfully changed project path to: D:/Unity Projects/3D/ShapeGame/ProtoShapeGame
D:/Unity Projects/3D/ShapeGame/ProtoShapeGame
Using Asset Import Pipeline V2.
Refreshing native plugins compatible for Editor in 58.54 ms, found 2 plugins.
Preloading 0 native plugins for Editor in 0.00 ms.
Initialize engine version: 2020.3.11f1 (99c7afb366b3)
[Subsystems] Discovering subsystems at path D:/2020.3.11f1/Editor/Data/Resources/UnitySubsystems
[Subsystems] Discovering subsystems at path D:/Unity Projects/3D/ShapeGame/ProtoShapeGame/Assets
GfxDevice: creating device client; threaded=0
Direct3D:
    Version:  Direct3D 11.0 [level 11.1]
    Renderer: Intel(R) HD Graphics 615 (ID=0x591e)
    Vendor:   
    VRAM:     1998 MB
    Driver:   25.20.100.6472
Initialize mono
Mono path[0] = 'D:/2020.3.11f1/Editor/Data/Managed'
Mono path[1] = 'D:/2020.3.11f1/Editor/Data/MonoBleedingEdge/lib/mono/unityjit'
Mono config path = 'D:/2020.3.11f1/Editor/Data/MonoBleedingEdge/etc'
Using monoOptions --debugger-agent=transport=dt_socket,embedding=1,server=y,suspend=n,address=127.0.0.1:56592
Begin MonoManager ReloadAssembly
Registering precompiled unity dll's ...
Register platform support module: D:/2020.3.11f1/Editor/Data/PlaybackEngines/WindowsStandaloneSupport/UnityEditor.WindowsStandalone.Extensions.dll
Registered in 0.204248 seconds.
Native extension for WindowsStandalone target not found
Refreshing native plugins compatible for Editor in 62.49 ms, found 2 plugins.
Preloading 0 native plugins for Editor in 0.00 ms.
Mono: successfully reloaded assembly
- Completed reload, in 10.712 seconds
Platform modules already initialized, skipping
Registering precompiled user dll's ...
Registered in 0.009783 seconds.
Begin MonoManager ReloadAssembly
Native extension for WindowsStandalone target not found
Refreshing native plugins compatible for Editor in 0.45 ms, found 2 plugins.
Preloading 0 native plugins for Editor in 0.00 ms.
Mono: successfully reloaded assembly
- Completed reload, in  1.939 seconds
Platform modules already initialized, skipping
========================================================================
Worker process is ready to serve import requests
Launched and connected shader compiler UnityShaderCompiler.exe after 0.14 seconds
Refreshing native plugins compatible for Editor in 0.42 ms, found 2 plugins.
Preloading 0 native plugins for Editor in 0.00 ms.
Unloading 1388 Unused Serialized files (Serialized files now loaded: 0)
System memory in use before: 64.8 MB.
System memory in use after: 64.9 MB.

Unloading 19 unused Assets to reduce memory usage. Loaded Objects now: 1821.
Total: 4.967000 ms (FindLiveObjects: 0.309300 ms CreateObjectMapping: 0.215100 ms MarkObjects: 4.261200 ms  DeleteObjects: 0.179000 ms)

========================================================================
Received Import Request.
  path: Assets/Prefabs/RoundUnit.prefab
  artifactKey: Guid(a0af676e77dcf5b4986f2823c876653a) Importer(815301076,1909f56bfc062723c751e8b465ee728b)
Start importing Assets/Prefabs/RoundUnit.prefab using Guid(a0af676e77dcf5b4986f2823c876653a) Importer(815301076,1909f56bfc062723c751e8b465ee728b)  -> (artifact id: 'ac6f851663adbb22187d3f930452a1be') in 0.420522 seconds
  Import took 0.427154 seconds .

========================================================================
Received Import Request.
  Time since last request: 0.000408 seconds.
  path: Assets/Scripts/RoundUnit.cs
  artifactKey: Guid(0d974042861ca5b4ba24394d51dd407a) Importer(815301076,1909f56bfc062723c751e8b465ee728b)
Start importing Assets/Scripts/RoundUnit.cs using Guid(0d974042861ca5b4ba24394d51dd407a) Importer(815301076,1909f56bfc062723c751e8b465ee728b)  -> (artifact id: 'd7fc567ad40cda2a5e6f15c04e7013b6') in 0.013616 seconds
  Import took 0.017883 seconds .

========================================================================
Received Import Request.
  Time since last request: 0.000329 seconds.
  path: Assets/Scripts/Spawner.cs
  artifactKey: Guid(a1498eb11f68ba044b35700a452e3a4b) Importer(815301076,1909f56bfc062723c751e8b465ee728b)
Start importing Assets/Scripts/Spawner.cs using Guid(a1498eb11f68ba044b35700a452e3a4b) Importer(815301076,1909f56bfc062723c751e8b465ee728b)  -> (artifact id: 'a46ac9d1a9a68e053f6b3b73757a13fe') in 0.010890 seconds
  Import took 0.014065 seconds .

========================================================================
Received Prepare
Refreshing native plugins compatible for Editor in 8.83 ms, found 2 plugins.
Preloading 0 native plugins for Editor in 0.00 ms.
Unloading 12 Unused Serialized files (Serialized files now loaded: 0)
System memory in use before: 40.8 MB.
System memory in use after: 40.9 MB.

Unloading 13 unused Assets to reduce memory usage. Loaded Objects now: 1829.
Total: 5.069900 ms (FindLiveObjects: 0.327600 ms CreateObjectMapping: 0.087400 ms MarkObjects: 4.549000 ms  DeleteObjects: 0.103400 ms)

========================================================================
Received Import Request.
  Time since last request: 55.054211 seconds.
  path: Assets/Scripts/RoundUnit.cs
  artifactKey: Guid(0d974042861ca5b4ba24394d51dd407a) Importer(815301076,1909f56bfc062723c751e8b465ee728b)
Start importing Assets/Scripts/RoundUnit.cs using Guid(0d974042861ca5b4ba24394d51dd407a) Importer(815301076,1909f56bfc062723c751e8b465ee728b)  -> (artifact id: '415105edd1b5518dab7937e50904deb9') in 0.010867 seconds
  Import took 0.015780 seconds .

========================================================================
Received Prepare
Registering precompiled user dll's ...
Registered in 0.279861 seconds.
Begin MonoManager ReloadAssembly
Native extension for WindowsStandalone target not found
Refreshing native plugins compatible for Editor in 0.77 ms, found 2 plugins.
Preloading 0 native plugins for Editor in 0.00 ms.
Mono: successfully reloaded assembly
- Completed reload, in  6.974 seconds
Platform modules already initialized, skipping
Refreshing native plugins compatible for Editor in 0.65 ms, found 2 plugins.
Preloading 0 native plugins for Editor in 0.00 ms.
Unloading 1383 Unused Serialized files (Serialized files now loaded: 0)
System memory in use before: 67.9 MB.
System memory in use after: 68.0 MB.

Unloading 14 unused Assets to reduce memory usage. Loaded Objects now: 1832.
Total: 4.088400 ms (FindLiveObjects: 0.335600 ms CreateObjectMapping: 0.107200 ms MarkObjects: 3.559700 ms  DeleteObjects: 0.083500 ms)

========================================================================
Received Prepare
Registering precompiled user dll's ...
Registered in 0.020117 seconds.
Begin MonoManager ReloadAssembly
Native extension for WindowsStandalone target not found
Refreshing native plugins compatible for Editor in 0.38 ms, found 2 plugins.
Preloading 0 native plugins for Editor in 0.00 ms.
Mono: successfully reloaded assembly
- Completed reload, in  1.637 seconds
Platform modules already initialized, skipping
Refreshing native plugins compatible for Editor in 0.46 ms, found 2 plugins.
Preloading 0 native plugins for Editor in 0.00 ms.
Unloading 1383 Unused Serialized files (Serialized files now loaded: 0)
System memory in use before: 67.9 MB.
System memory in use after: 68.0 MB.

Unloading 14 unused Assets to reduce memory usage. Loaded Objects now: 1835.
Total: 2.698100 ms (FindLiveObjects: 0.194900 ms CreateObjectMapping: 0.049200 ms MarkObjects: 2.362100 ms  DeleteObjects: 0.090400 ms)

========================================================================
Received Import Request.
  Time since last request: 473.594934 seconds.
  path: Assets/Scripts/RoundUnit.cs
  artifactKey: Guid(0d974042861ca5b4ba24394d51dd407a) Importer(815301076,1909f56bfc062723c751e8b465ee728b)
Start importing Assets/Scripts/RoundUnit.cs using Guid(0d974042861ca5b4ba24394d51dd407a) Importer(815301076,1909f56bfc062723c751e8b465ee728b)  -> (artifact id: 'fa9c899f5e9c7fbf30a0899d36ae08c3') in 0.022557 seconds
  Import took 0.025837 seconds .

========================================================================
Received Prepare
Registering precompiled user dll's ...
Registered in 0.015420 seconds.
Begin MonoManager ReloadAssembly
Native extension for WindowsStandalone target not found
Refreshing native plugins compatible for Editor in 0.69 ms, found 2 plugins.
Preloading 0 native plugins for Editor in 0.00 ms.
Mono: successfully reloaded assembly
- Completed reload, in  2.527 seconds
Platform modules already initialized, skipping
Refreshing native plugins compatible for Editor in 0.50 ms, found 2 plugins.
Preloading 0 native plugins for Editor in 0.00 ms.
Unloading 1383 Unused Serialized files (Serialized files now loaded: 0)
System memory in use before: 68.0 MB.
System memory in use after: 68.0 MB.

Unloading 14 unused Assets to reduce memory usage. Loaded Objects now: 1838.
Total: 3.976900 ms (FindLiveObjects: 0.306400 ms CreateObjectMapping: 0.125300 ms MarkObjects: 3.441100 ms  DeleteObjects: 0.102000 ms)

========================================================================
Received Import Request.
  Time since last request: 130.901728 seconds.
  path: Assets/Scripts/RoundUnit.cs
  artifactKey: Guid(0d974042861ca5b4ba24394d51dd407a) Importer(815301076,1909f56bfc062723c751e8b465ee728b)
Start importing Assets/Scripts/RoundUnit.cs using Guid(0d974042861ca5b4ba24394d51dd407a) Importer(815301076,1909f56bfc062723c751e8b465ee728b)  -> (artifact id: '62ae07c8f140d4258931c9c8c3c7fd79') in 0.012875 seconds
  Import took 0.018126 seconds .

========================================================================
Received Prepare
Registering precompiled user dll's ...
Registered in 0.027423 seconds.
Begin MonoManager ReloadAssembly
Native extension for WindowsStandalone target not found
Refreshing native plugins compatible for Editor in 0.64 ms, found 2 plugins.
Preloading 0 native plugins for Editor in 0.00 ms.
Mono: successfully reloaded assembly
- Completed reload, in  2.288 seconds
Platform modules already initialized, skipping
Refreshing native plugins compatible for Editor in 0.73 ms, found 2 plugins.
Preloading 0 native plugins for Editor in 0.00 ms.
Unloading 1383 Unused Serialized files (Serialized files now loaded: 0)
System memory in use before: 68.0 MB.
System memory in use after: 68.1 MB.

Unloading 14 unused Assets to reduce memory usage. Loaded Objects now: 1841.
Total: 4.931500 ms (FindLiveObjects: 0.304300 ms CreateObjectMapping: 0.097300 ms MarkObjects: 4.425700 ms  DeleteObjects: 0.101800 ms)

========================================================================
Received Import Request.
  Time since last request: 251.080104 seconds.
  path: Assets/Prefabs/Spawner.prefab
  artifactKey: Guid(eeb26052f1a42a346bb5ed3f5b352a24) Importer(815301076,1909f56bfc062723c751e8b465ee728b)
Start importing Assets/Prefabs/Spawner.prefab using Guid(eeb26052f1a42a346bb5ed3f5b352a24) Importer(815301076,1909f56bfc062723c751e8b465ee728b)  -> (artifact id: '27593e4d882e7daea6e178b5407a07b2') in 0.214785 seconds
  Import took 0.220000 seconds .

========================================================================
Received Prepare
Registering precompiled user dll's ...
Registered in 1.773744 seconds.
Begin MonoManager ReloadAssembly
Native extension for WindowsStandalone target not found
Refreshing native plugins compatible for Editor in 0.43 ms, found 2 plugins.
Preloading 0 native plugins for Editor in 0.00 ms.
Mono: successfully reloaded assembly
- Completed reload, in  3.421 seconds
Platform modules already initialized, skipping
Refreshing native plugins compatible for Editor in 0.43 ms, found 2 plugins.
Preloading 0 native plugins for Editor in 0.00 ms.
Unloading 1383 Unused Serialized files (Serialized files now loaded: 0)
System memory in use before: 68.0 MB.
System memory in use after: 68.1 MB.

Unloading 15 unused Assets to reduce memory usage. Loaded Objects now: 1846.
Total: 2.890600 ms (FindLiveObjects: 0.183200 ms CreateObjectMapping: 0.063600 ms MarkObjects: 2.545700 ms  DeleteObjects: 0.096900 ms)

AssetImportWorkerClient::OnTransportError - code=2 error=End of file
